2021/08/07 17:49:39 INFO:用户wuyanqingwebsocket连接成功
2021/08/07 17:49:39 INFO:用户wuyanqing收到一条消息，Msg:user is wuyanqing login,Type:1
2021/08/07 17:49:39 INFO:用户wuyanqing向服务端发送了一条消息，Msg:Ping,Type:2
2021/08/07 17:49:39 INFO:用户wuyanqing向服务端发送了一条消息，Msg:是我，你爹！快打钱！,Type:5
2021/08/07 17:49:39 INFO:用户wuyanqing收到一条消息，Msg:Pong,Type:2
2021/08/07 17:49:39 INFO:用户wuyanqing收到一条消息，Msg:wuyanqing
,Type:5
2021/08/07 17:49:42 INFO:用户wuyanqing向服务端发送了一条消息，Msg:sfrdvrd,Type:1
2021/08/07 17:49:42 INFO:用户wuyanqing收到一条消息，Msg:sfrdvrd,Type:1
2021/08/07 17:49:42 INFO:用户wuyanqing向服务端发送了一条消息，Msg:Ping,Type:2
2021/08/07 17:49:42 INFO:用户wuyanqing收到一条消息，Msg:Pong,Type:2
2021/08/07 17:49:43 INFO:用户wuyanqing向服务端发送了一条消息，Msg:是我，你爹！快打钱！,Type:5
2021/08/07 17:49:43 INFO:用户wuyanqing收到一条消息，Msg:wuyanqing
,Type:5
2021/08/07 17:49:44 INFO:用户wuyanqing向服务端发送了一条消息，Msg:ersf,Type:1
2021/08/07 17:49:44 INFO:用户wuyanqing收到一条消息，Msg:ersf,Type:1
2021/08/07 17:49:45 INFO:用户wuyanqing向服务端发送了一条消息，Msg:Ping,Type:2
2021/08/07 17:49:45 INFO:用户wuyanqing收到一条消息，Msg:Pong,Type:2
2021/08/07 17:49:47 INFO:用户wuyanqing向服务端发送了一条消息，Msg:是我，你爹！快打钱！,Type:5
2021/08/07 17:49:47 INFO:用户wuyanqing收到一条消息，Msg:wuyanqing
,Type:5
2021/08/07 17:49:48 INFO:用户wuyanqing向服务端发送了一条消息，Msg:Ping,Type:2
2021/08/07 17:49:48 INFO:用户wuyanqing收到一条消息，Msg:Pong,Type:2
2021/08/07 17:49:51 INFO:用户wuyanqing向服务端发送了一条消息，Msg:Ping,Type:2
2021/08/07 17:49:51 INFO:用户wuyanqing向服务端发送了一条消息，Msg:是我，你爹！快打钱！,Type:5
2021/08/07 17:49:51 INFO:用户wuyanqing收到一条消息，Msg:Pong,Type:2
2021/08/07 17:49:51 INFO:用户wuyanqing收到一条消息，Msg:wuyanqing
,Type:5
2021/08/07 17:49:54 INFO:用户wuyanqing向服务端发送了一条消息，Msg:Ping,Type:2
2021/08/07 17:49:54 INFO:用户wuyanqing收到一条消息，Msg:Pong,Type:2
2021/08/07 17:49:55 INFO:用户wuyanqing向服务端发送了一条消息，Msg:是我，你爹！快打钱！,Type:5
2021/08/07 17:49:55 INFO:用户wuyanqing收到一条消息，Msg:wuyanqing
,Type:5
2021/08/07 17:49:57 INFO:用户wuyanqing向服务端发送了一条消息，Msg:Ping,Type:2
2021/08/07 17:49:57 INFO:用户wuyanqing收到一条消息，Msg:Pong,Type:2
2021/08/07 17:49:59 INFO:用户wuyanqing向服务端发送了一条消息，Msg:是我，你爹！快打钱！,Type:5
2021/08/07 17:49:59 INFO:用户wuyanqing收到一条消息，Msg:wuyanqing
,Type:5
2021/08/07 17:50:00 INFO:用户wuyanqing向服务端发送了一条消息，Msg:Ping,Type:2
2021/08/07 17:50:00 INFO:用户wuyanqing收到一条消息，Msg:Pong,Type:2
2021/08/07 17:50:03 INFO:用户wuyanqing向服务端发送了一条消息，Msg:Ping,Type:2
2021/08/07 17:50:03 INFO:用户wuyanqing向服务端发送了一条消息，Msg:是我，你爹！快打钱！,Type:5
2021/08/07 17:50:03 INFO:用户wuyanqing收到一条消息，Msg:Pong,Type:2
2021/08/07 17:50:03 INFO:用户wuyanqing收到一条消息，Msg:wuyanqing
,Type:5
2021/08/07 17:50:06 INFO:用户wuyanqing向服务端发送了一条消息，Msg:Ping,Type:2
2021/08/07 17:50:06 INFO:用户wuyanqing收到一条消息，Msg:Pong,Type:2
2021/08/07 17:50:07 INFO:用户wuyanqing向服务端发送了一条消息，Msg:是我，你爹！快打钱！,Type:5
2021/08/07 17:50:07 INFO:用户wuyanqing收到一条消息，Msg:wuyanqing
,Type:5
2021/08/07 17:50:09 INFO:用户wuyanqing向服务端发送了一条消息，Msg:Ping,Type:2
2021/08/07 17:50:09 INFO:用户wuyanqing收到一条消息，Msg:Pong,Type:2
2021/08/07 17:50:09 INFO:用户wuyanqing收到一条消息，Msg:user is wuyanqing2 login,Type:1
2021/08/07 17:50:09 INFO:用户wuyanqing2websocket连接成功
2021/08/07 17:50:09 INFO:用户wuyanqing2收到一条消息，Msg:user is wuyanqing2 login,Type:1
2021/08/07 17:50:09 INFO:用户wuyanqing2向服务端发送了一条消息，Msg:Ping,Type:2
2021/08/07 17:50:09 INFO:用户wuyanqing2向服务端发送了一条消息，Msg:是我，你爹！快打钱！,Type:5
2021/08/07 17:50:09 INFO:用户wuyanqing2收到一条消息，Msg:Pong,Type:2
2021/08/07 17:50:09 INFO:用户wuyanqing2收到一条消息，Msg:wuyanqing
wuyanqing2
,Type:5
2021/08/07 17:50:11 INFO:用户wuyanqing向服务端发送了一条消息，Msg:是我，你爹！快打钱！,Type:5
2021/08/07 17:50:11 INFO:用户wuyanqing收到一条消息，Msg:wuyanqing2
wuyanqing
,Type:5
2021/08/07 17:50:12 INFO:用户wuyanqing向服务端发送了一条消息，Msg:Ping,Type:2
2021/08/07 17:50:12 INFO:用户wuyanqing收到一条消息，Msg:Pong,Type:2
2021/08/07 17:50:12 INFO:用户wuyanqing2向服务端发送了一条消息，Msg:Ping,Type:2
2021/08/07 17:50:12 INFO:用户wuyanqing2收到一条消息，Msg:Pong,Type:2
2021/08/07 17:50:13 INFO:用户wuyanqing2向服务端发送了一条消息，Msg:是我，你爹！快打钱！,Type:5
2021/08/07 17:50:13 INFO:用户wuyanqing2收到一条消息，Msg:wuyanqing
wuyanqing2
,Type:5
2021/08/07 17:50:15 INFO:用户wuyanqing2向服务端发送了一条消息，Msg:verfes,Type:1
2021/08/07 17:50:15 INFO:用户wuyanqing2收到一条消息，Msg:verfes,Type:1
2021/08/07 17:50:15 INFO:用户wuyanqing收到一条消息，Msg:verfes,Type:1
2021/08/07 17:50:15 INFO:用户wuyanqing向服务端发送了一条消息，Msg:Ping,Type:2
2021/08/07 17:50:15 INFO:用户wuyanqing向服务端发送了一条消息，Msg:是我，你爹！快打钱！,Type:5
2021/08/07 17:50:15 INFO:用户wuyanqing收到一条消息，Msg:Pong,Type:2
2021/08/07 17:50:15 INFO:用户wuyanqing收到一条消息，Msg:wuyanqing
wuyanqing2
,Type:5
2021/08/07 17:50:15 INFO:用户wuyanqing2向服务端发送了一条消息，Msg:Ping,Type:2
2021/08/07 17:50:15 INFO:用户wuyanqing2收到一条消息，Msg:Pong,Type:2
2021/08/07 17:50:17 INFO:用户wuyanqing2向服务端发送了一条消息，Msg:wuyanqing2:login out,Type:3
2021/08/07 17:50:17 read tcp 127.0.0.1:56901->127.0.0.1:8011: use of closed network connection
2021/08/07 17:50:17 INFO:用户wuyanqing2关闭websocket连接
2021/08/07 17:50:17 ERROR:用户wuyanqing2在读送消息时，连接已关闭，发生错误，退出关闭
2021/08/07 17:50:17 INFO:用户wuyanqing收到一条消息，Msg:user is wuyanqing2 exit,Type:3
2021/08/07 17:50:18 INFO:用户wuyanqing向服务端发送了一条消息，Msg:Ping,Type:2
2021/08/07 17:50:18 INFO:用户wuyanqing收到一条消息，Msg:Pong,Type:2
2021/08/07 17:50:19 INFO:用户wuyanqing向服务端发送了一条消息，Msg:是我，你爹！快打钱！,Type:5
2021/08/07 17:50:19 INFO:用户wuyanqing收到一条消息，Msg:wuyanqing
,Type:5
2021/08/07 17:50:21 INFO:用户wuyanqing向服务端发送了一条消息，Msg:Ping,Type:2
2021/08/07 17:50:21 INFO:用户wuyanqing收到一条消息，Msg:Pong,Type:2
2021/08/07 17:50:22 INFO:用户wuyanqing向服务端发送了一条消息，Msg:errf,Type:1
2021/08/07 17:50:22 INFO:用户wuyanqing收到一条消息，Msg:errf,Type:1
2021/08/07 17:50:23 INFO:用户wuyanqing向服务端发送了一条消息，Msg:是我，你爹！快打钱！,Type:5
2021/08/07 17:50:23 INFO:用户wuyanqing收到一条消息，Msg:wuyanqing
,Type:5
2021/08/07 18:37:50 ERROR:websocket创建失败
2021/08/07 18:37:50 ERROR:websocket连接失败
2021/08/07 19:02:06 Fyne error:  GLFW poll event error: InvalidValue: Invalid scancode
2021/08/07 19:02:06   At: /Users/wuyanqing/workspace/pkg/mod/fyne.io/fyne/v2@v2.0.3/internal/driver/glfw/loop.go:220
2021/08/07 19:03:41 Fyne error:  GLFW poll event error: InvalidValue: Invalid scancode
2021/08/07 19:03:41   At: /Users/wuyanqing/workspace/pkg/mod/fyne.io/fyne/v2@v2.0.3/internal/driver/glfw/loop.go:220
2021/08/07 19:03:49 INFO:用户wuyanqingwebsocket连接成功
2021/08/07 19:03:49 INFO:用户wuyanqing收到一条消息，Msg:user is wuyanqing login,Type:1
2021/08/07 19:03:49 INFO:用户wuyanqing向服务端发送了一条消息，Msg:Ping,Type:2
2021/08/07 19:03:49 INFO:用户wuyanqing向服务端发送了一条消息，Msg:是我，你爹！快打钱！,Type:5
2021/08/07 19:03:49 INFO:用户wuyanqing收到一条消息，Msg:Pong,Type:2
2021/08/07 19:03:49 INFO:用户wuyanqing收到一条消息，Msg:wuyanqing
,Type:5
2021/08/07 19:03:52 INFO:用户wuyanqing向服务端发送了一条消息，Msg:Ping,Type:2
2021/08/07 19:03:52 INFO:用户wuyanqing收到一条消息，Msg:Pong,Type:2
2021/08/07 19:03:53 INFO:用户wuyanqing向服务端发送了一条消息，Msg:是我，你爹！快打钱！,Type:5
2021/08/07 19:03:53 INFO:用户wuyanqing收到一条消息，Msg:wuyanqing
,Type:5
2021/08/07 19:03:55 INFO:用户wuyanqing向服务端发送了一条消息，Msg:Ping,Type:2
2021/08/07 19:03:55 INFO:用户wuyanqing收到一条消息，Msg:Pong,Type:2
2021/08/07 19:03:57 INFO:用户wuyanqing向服务端发送了一条消息，Msg:是我，你爹！快打钱！,Type:5
2021/08/07 19:03:57 INFO:用户wuyanqing收到一条消息，Msg:wuyanqing
,Type:5
2021/08/07 19:03:58 INFO:用户wuyanqing向服务端发送了一条消息，Msg:Ping,Type:2
2021/08/07 19:03:58 INFO:用户wuyanqing收到一条消息，Msg:Pong,Type:2
2021/08/07 19:04:01 INFO:用户wuyanqing向服务端发送了一条消息，Msg:是我，你爹！快打钱！,Type:5
2021/08/07 19:04:01 INFO:用户wuyanqing向服务端发送了一条消息，Msg:Ping,Type:2
2021/08/07 19:04:01 INFO:用户wuyanqing收到一条消息，Msg:wuyanqing
,Type:5
2021/08/07 19:04:01 INFO:用户wuyanqing收到一条消息，Msg:Pong,Type:2
2021/08/07 19:04:04 INFO:用户wuyanqing向服务端发送了一条消息，Msg:Ping,Type:2
2021/08/07 19:04:04 INFO:用户wuyanqing收到一条消息，Msg:Pong,Type:2
2021/08/07 19:04:05 INFO:用户wuyanqing向服务端发送了一条消息，Msg:是我，你爹！快打钱！,Type:5
2021/08/07 19:04:05 INFO:用户wuyanqing收到一条消息，Msg:wuyanqing
,Type:5
2021/08/07 19:04:07 INFO:用户wuyanqing收到一条消息，Msg:user is wuyanqing2 login,Type:1
2021/08/07 19:04:07 INFO:用户wuyanqing2websocket连接成功
2021/08/07 19:04:07 INFO:用户wuyanqing2收到一条消息，Msg:user is wuyanqing2 login,Type:1
2021/08/07 19:04:07 INFO:用户wuyanqing2向服务端发送了一条消息，Msg:Ping,Type:2
2021/08/07 19:04:07 INFO:用户wuyanqing2向服务端发送了一条消息，Msg:是我，你爹！快打钱！,Type:5
2021/08/07 19:04:07 INFO:用户wuyanqing2收到一条消息，Msg:Pong,Type:2
2021/08/07 19:04:07 INFO:用户wuyanqing2收到一条消息，Msg:wuyanqing
wuyanqing2
,Type:5
2021/08/07 19:04:07 INFO:用户wuyanqing向服务端发送了一条消息，Msg:Ping,Type:2
2021/08/07 19:04:07 INFO:用户wuyanqing收到一条消息，Msg:Pong,Type:2
2021/08/07 19:04:09 INFO:用户wuyanqing向服务端发送了一条消息，Msg:是我，你爹！快打钱！,Type:5
2021/08/07 19:04:09 INFO:用户wuyanqing收到一条消息，Msg:wuyanqing
wuyanqing2
,Type:5
2021/08/07 19:04:10 INFO:用户wuyanqing2向服务端发送了一条消息，Msg:Ping,Type:2
2021/08/07 19:04:10 INFO:用户wuyanqing2收到一条消息，Msg:Pong,Type:2
2021/08/07 19:04:10 INFO:用户wuyanqing向服务端发送了一条消息，Msg:Ping,Type:2
2021/08/07 19:04:10 INFO:用户wuyanqing收到一条消息，Msg:Pong,Type:2
2021/08/07 19:04:11 INFO:用户wuyanqing2向服务端发送了一条消息，Msg:是我，你爹！快打钱！,Type:5
2021/08/07 19:04:11 INFO:用户wuyanqing2收到一条消息，Msg:wuyanqing
wuyanqing2
,Type:5
2021/08/07 19:04:13 INFO:用户wuyanqing2向服务端发送了一条消息，Msg:Ping,Type:2
2021/08/07 19:04:13 INFO:用户wuyanqing2收到一条消息，Msg:Pong,Type:2
2021/08/07 19:04:13 INFO:用户wuyanqing向服务端发送了一条消息，Msg:Ping,Type:2
2021/08/07 19:04:13 INFO:用户wuyanqing向服务端发送了一条消息，Msg:是我，你爹！快打钱！,Type:5
2021/08/07 19:04:13 INFO:用户wuyanqing收到一条消息，Msg:Pong,Type:2
2021/08/07 19:04:13 INFO:用户wuyanqing收到一条消息，Msg:wuyanqing
wuyanqing2
,Type:5
2021/08/07 19:04:15 INFO:用户wuyanqing2向服务端发送了一条消息，Msg:是我，你爹！快打钱！,Type:5
2021/08/07 19:04:15 INFO:用户wuyanqing2收到一条消息，Msg:wuyanqing
wuyanqing2
,Type:5
2021/08/07 19:04:16 INFO:用户wuyanqing2向服务端发送了一条消息，Msg:Ping,Type:2
2021/08/07 19:04:16 INFO:用户wuyanqing2收到一条消息，Msg:Pong,Type:2
2021/08/07 19:04:16 INFO:用户wuyanqing向服务端发送了一条消息，Msg:Ping,Type:2
2021/08/07 19:04:16 INFO:用户wuyanqing收到一条消息，Msg:Pong,Type:2
2021/08/07 19:04:17 INFO:用户wuyanqing向服务端发送了一条消息，Msg:是我，你爹！快打钱！,Type:5
2021/08/07 19:04:17 INFO:用户wuyanqing收到一条消息，Msg:wuyanqing
wuyanqing2
,Type:5
2021/08/07 19:04:19 INFO:用户wuyanqing2向服务端发送了一条消息，Msg:Ping,Type:2
2021/08/07 19:04:19 INFO:用户wuyanqing2向服务端发送了一条消息，Msg:是我，你爹！快打钱！,Type:5
2021/08/07 19:04:19 INFO:用户wuyanqing2收到一条消息，Msg:Pong,Type:2
2021/08/07 19:04:19 INFO:用户wuyanqing2收到一条消息，Msg:wuyanqing
wuyanqing2
,Type:5
2021/08/07 19:04:19 INFO:用户wuyanqing向服务端发送了一条消息，Msg:Ping,Type:2
2021/08/07 19:04:19 INFO:用户wuyanqing收到一条消息，Msg:Pong,Type:2
2021/08/07 19:04:21 INFO:用户wuyanqing向服务端发送了一条消息，Msg:是我，你爹！快打钱！,Type:5
2021/08/07 19:04:21 INFO:用户wuyanqing收到一条消息，Msg:wuyanqing
wuyanqing2
,Type:5
2021/08/07 19:04:22 INFO:用户wuyanqing2向服务端发送了一条消息，Msg:Ping,Type:2
2021/08/07 19:04:22 INFO:用户wuyanqing2收到一条消息，Msg:Pong,Type:2
2021/08/07 19:04:22 INFO:用户wuyanqing向服务端发送了一条消息，Msg:Ping,Type:2
2021/08/07 19:04:22 INFO:用户wuyanqing收到一条消息，Msg:Pong,Type:2
2021/08/07 19:04:23 INFO:用户wuyanqing2向服务端发送了一条消息，Msg:是我，你爹！快打钱！,Type:5
2021/08/07 19:04:23 INFO:用户wuyanqing2收到一条消息，Msg:wuyanqing
wuyanqing2
,Type:5
2021/08/07 19:04:25 INFO:用户wuyanqing2向服务端发送了一条消息，Msg:Ping,Type:2
2021/08/07 19:04:25 INFO:用户wuyanqing2收到一条消息，Msg:Pong,Type:2
2021/08/07 19:04:25 INFO:用户wuyanqing向服务端发送了一条消息，Msg:Ping,Type:2
2021/08/07 19:04:25 INFO:用户wuyanqing向服务端发送了一条消息，Msg:是我，你爹！快打钱！,Type:5
2021/08/07 19:04:25 INFO:用户wuyanqing收到一条消息，Msg:Pong,Type:2
2021/08/07 19:04:25 INFO:用户wuyanqing收到一条消息，Msg:wuyanqing
wuyanqing2
,Type:5
2021/08/07 19:04:27 INFO:用户wuyanqing2向服务端发送了一条消息，Msg:是我，你爹！快打钱！,Type:5
2021/08/07 19:04:27 INFO:用户wuyanqing2收到一条消息，Msg:wuyanqing
wuyanqing2
,Type:5
2021/08/07 19:04:28 INFO:用户wuyanqing2向服务端发送了一条消息，Msg:Ping,Type:2
2021/08/07 19:04:28 INFO:用户wuyanqing2收到一条消息，Msg:Pong,Type:2
2021/08/07 19:04:28 INFO:用户wuyanqing向服务端发送了一条消息，Msg:Ping,Type:2
2021/08/07 19:04:28 INFO:用户wuyanqing收到一条消息，Msg:Pong,Type:2
2021/08/07 19:04:29 INFO:用户wuyanqing向服务端发送了一条消息，Msg:是我，你爹！快打钱！,Type:5
2021/08/07 19:04:29 INFO:用户wuyanqing收到一条消息，Msg:wuyanqing2
wuyanqing
,Type:5
2021/08/07 19:04:31 INFO:用户wuyanqing2向服务端发送了一条消息，Msg:Ping,Type:2
2021/08/07 19:04:31 INFO:用户wuyanqing2向服务端发送了一条消息，Msg:是我，你爹！快打钱！,Type:5
2021/08/07 19:04:31 INFO:用户wuyanqing2收到一条消息，Msg:Pong,Type:2
2021/08/07 19:04:31 INFO:用户wuyanqing2收到一条消息，Msg:wuyanqing
wuyanqing2
,Type:5
2021/08/07 19:04:31 INFO:用户wuyanqing向服务端发送了一条消息，Msg:Ping,Type:2
2021/08/07 19:04:31 INFO:用户wuyanqing收到一条消息，Msg:Pong,Type:2
2021/08/07 19:04:33 INFO:用户wuyanqing向服务端发送了一条消息，Msg:是我，你爹！快打钱！,Type:5
2021/08/07 19:04:33 INFO:用户wuyanqing收到一条消息，Msg:wuyanqing
wuyanqing2
,Type:5
2021/08/07 19:04:34 INFO:用户wuyanqing2向服务端发送了一条消息，Msg:Ping,Type:2
2021/08/07 19:04:34 INFO:用户wuyanqing2收到一条消息，Msg:Pong,Type:2
2021/08/07 19:04:34 INFO:用户wuyanqing向服务端发送了一条消息，Msg:Ping,Type:2
2021/08/07 19:04:34 INFO:用户wuyanqing收到一条消息，Msg:Pong,Type:2
2021/08/07 19:04:35 INFO:用户wuyanqing2向服务端发送了一条消息，Msg:是我，你爹！快打钱！,Type:5
2021/08/07 19:04:35 INFO:用户wuyanqing2收到一条消息，Msg:wuyanqing
wuyanqing2
,Type:5
2021/08/07 19:04:37 INFO:用户wuyanqing2向服务端发送了一条消息，Msg:Ping,Type:2
2021/08/07 19:04:37 INFO:用户wuyanqing2收到一条消息，Msg:Pong,Type:2
2021/08/07 19:04:37 INFO:用户wuyanqing向服务端发送了一条消息，Msg:Ping,Type:2
2021/08/07 19:04:37 INFO:用户wuyanqing向服务端发送了一条消息，Msg:是我，你爹！快打钱！,Type:5
2021/08/07 19:04:37 INFO:用户wuyanqing收到一条消息，Msg:Pong,Type:2
2021/08/07 19:04:37 INFO:用户wuyanqing收到一条消息，Msg:wuyanqing
wuyanqing2
,Type:5
2021/08/07 19:04:39 INFO:用户wuyanqing2向服务端发送了一条消息，Msg:是我，你爹！快打钱！,Type:5
2021/08/07 19:04:39 INFO:用户wuyanqing2收到一条消息，Msg:wuyanqing
wuyanqing2
,Type:5
2021/08/07 19:04:40 INFO:用户wuyanqing2向服务端发送了一条消息，Msg:Ping,Type:2
2021/08/07 19:04:40 INFO:用户wuyanqing2收到一条消息，Msg:Pong,Type:2
2021/08/07 19:04:40 INFO:用户wuyanqing向服务端发送了一条消息，Msg:Ping,Type:2
2021/08/07 19:04:40 INFO:用户wuyanqing收到一条消息，Msg:Pong,Type:2
2021/08/07 19:04:41 INFO:用户wuyanqing向服务端发送了一条消息，Msg:是我，你爹！快打钱！,Type:5
2021/08/07 19:04:41 INFO:用户wuyanqing收到一条消息，Msg:wuyanqing
wuyanqing2
,Type:5
2021/08/07 19:04:43 INFO:用户wuyanqing2向服务端发送了一条消息，Msg:Ping,Type:2
2021/08/07 19:04:43 INFO:用户wuyanqing2向服务端发送了一条消息，Msg:是我，你爹！快打钱！,Type:5
2021/08/07 19:04:43 INFO:用户wuyanqing2收到一条消息，Msg:Pong,Type:2
2021/08/07 19:04:43 INFO:用户wuyanqing2收到一条消息，Msg:wuyanqing
wuyanqing2
,Type:5
2021/08/07 19:04:43 INFO:用户wuyanqing向服务端发送了一条消息，Msg:Ping,Type:2
2021/08/07 19:04:43 INFO:用户wuyanqing收到一条消息，Msg:Pong,Type:2
2021/08/07 19:04:45 INFO:用户wuyanqing向服务端发送了一条消息，Msg:是我，你爹！快打钱！,Type:5
2021/08/07 19:04:45 INFO:用户wuyanqing收到一条消息，Msg:wuyanqing2
wuyanqing
,Type:5
2021/08/07 19:04:46 INFO:用户wuyanqing2向服务端发送了一条消息，Msg:Ping,Type:2
2021/08/07 19:04:46 INFO:用户wuyanqing2收到一条消息，Msg:Pong,Type:2
2021/08/07 19:04:46 INFO:用户wuyanqing向服务端发送了一条消息，Msg:Ping,Type:2
2021/08/07 19:04:46 INFO:用户wuyanqing收到一条消息，Msg:Pong,Type:2
2021/08/07 19:04:47 INFO:用户wuyanqing2向服务端发送了一条消息，Msg:是我，你爹！快打钱！,Type:5
2021/08/07 19:04:47 INFO:用户wuyanqing2收到一条消息，Msg:wuyanqing
wuyanqing2
,Type:5
2021/08/07 19:04:49 INFO:用户wuyanqing2向服务端发送了一条消息，Msg:Ping,Type:2
2021/08/07 19:04:49 INFO:用户wuyanqing2收到一条消息，Msg:Pong,Type:2
2021/08/07 19:04:49 INFO:用户wuyanqing向服务端发送了一条消息，Msg:Ping,Type:2
2021/08/07 19:04:49 INFO:用户wuyanqing向服务端发送了一条消息，Msg:是我，你爹！快打钱！,Type:5
2021/08/07 19:04:49 INFO:用户wuyanqing收到一条消息，Msg:Pong,Type:2
2021/08/07 19:04:49 INFO:用户wuyanqing收到一条消息，Msg:wuyanqing
wuyanqing2
,Type:5
2021/08/07 19:04:51 INFO:用户wuyanqing2向服务端发送了一条消息，Msg:是我，你爹！快打钱！,Type:5
2021/08/07 19:04:51 INFO:用户wuyanqing2收到一条消息，Msg:wuyanqing
wuyanqing2
,Type:5
2021/08/07 19:04:52 INFO:用户wuyanqing2向服务端发送了一条消息，Msg:Ping,Type:2
2021/08/07 19:04:52 INFO:用户wuyanqing2收到一条消息，Msg:Pong,Type:2
2021/08/07 19:04:52 INFO:用户wuyanqing向服务端发送了一条消息，Msg:Ping,Type:2
2021/08/07 19:04:52 INFO:用户wuyanqing收到一条消息，Msg:Pong,Type:2
2021/08/07 19:04:53 INFO:用户wuyanqing向服务端发送了一条消息，Msg:是我，你爹！快打钱！,Type:5
2021/08/07 19:04:53 INFO:用户wuyanqing收到一条消息，Msg:wuyanqing
wuyanqing2
,Type:5
2021/08/07 19:04:55 INFO:用户wuyanqing2向服务端发送了一条消息，Msg:Ping,Type:2
2021/08/07 19:04:55 INFO:用户wuyanqing2向服务端发送了一条消息，Msg:是我，你爹！快打钱！,Type:5
2021/08/07 19:04:55 INFO:用户wuyanqing2收到一条消息，Msg:Pong,Type:2
2021/08/07 19:04:55 INFO:用户wuyanqing2收到一条消息，Msg:wuyanqing2
wuyanqing
,Type:5
2021/08/07 19:04:55 INFO:用户wuyanqing向服务端发送了一条消息，Msg:Ping,Type:2
2021/08/07 19:04:55 INFO:用户wuyanqing收到一条消息，Msg:Pong,Type:2
2021/08/07 19:04:57 INFO:用户wuyanqing向服务端发送了一条消息，Msg:是我，你爹！快打钱！,Type:5
2021/08/07 19:04:57 INFO:用户wuyanqing收到一条消息，Msg:wuyanqing
wuyanqing2
,Type:5
2021/08/07 19:04:58 INFO:用户wuyanqing2向服务端发送了一条消息，Msg:Ping,Type:2
2021/08/07 19:04:58 INFO:用户wuyanqing2收到一条消息，Msg:Pong,Type:2
2021/08/07 19:04:58 INFO:用户wuyanqing向服务端发送了一条消息，Msg:Ping,Type:2
2021/08/07 19:04:58 INFO:用户wuyanqing收到一条消息，Msg:Pong,Type:2
2021/08/07 19:04:59 INFO:用户wuyanqing2向服务端发送了一条消息，Msg:是我，你爹！快打钱！,Type:5
2021/08/07 19:04:59 INFO:用户wuyanqing2收到一条消息，Msg:wuyanqing2
wuyanqing
,Type:5
2021/08/07 19:05:01 INFO:用户wuyanqing2向服务端发送了一条消息，Msg:Ping,Type:2
2021/08/07 19:05:01 INFO:用户wuyanqing2收到一条消息，Msg:Pong,Type:2
2021/08/07 19:05:01 INFO:用户wuyanqing向服务端发送了一条消息，Msg:是我，你爹！快打钱！,Type:5
2021/08/07 19:05:01 INFO:用户wuyanqing向服务端发送了一条消息，Msg:Ping,Type:2
2021/08/07 19:05:01 INFO:用户wuyanqing收到一条消息，Msg:wuyanqing
wuyanqing2
,Type:5
2021/08/07 19:05:01 INFO:用户wuyanqing收到一条消息，Msg:Pong,Type:2
2021/08/07 19:05:03 INFO:用户wuyanqing2向服务端发送了一条消息，Msg:是我，你爹！快打钱！,Type:5
2021/08/07 19:05:03 INFO:用户wuyanqing2收到一条消息，Msg:wuyanqing
wuyanqing2
,Type:5
2021/08/07 19:05:04 INFO:用户wuyanqing2向服务端发送了一条消息，Msg:Ping,Type:2
2021/08/07 19:05:04 INFO:用户wuyanqing2收到一条消息，Msg:Pong,Type:2
2021/08/07 19:05:04 INFO:用户wuyanqing向服务端发送了一条消息，Msg:Ping,Type:2
2021/08/07 19:05:04 INFO:用户wuyanqing收到一条消息，Msg:Pong,Type:2
2021/08/07 19:05:05 INFO:用户wuyanqing向服务端发送了一条消息，Msg:是我，你爹！快打钱！,Type:5
2021/08/07 19:05:06 INFO:用户wuyanqing收到一条消息，Msg:wuyanqing
wuyanqing2
,Type:5
2021/08/07 19:05:07 INFO:用户wuyanqing2向服务端发送了一条消息，Msg:Ping,Type:2
2021/08/07 19:05:07 INFO:用户wuyanqing2向服务端发送了一条消息，Msg:是我，你爹！快打钱！,Type:5
2021/08/07 19:05:07 INFO:用户wuyanqing2收到一条消息，Msg:Pong,Type:2
2021/08/07 19:05:07 INFO:用户wuyanqing2收到一条消息，Msg:wuyanqing
wuyanqing2
,Type:5
2021/08/07 19:05:07 INFO:用户wuyanqing向服务端发送了一条消息，Msg:Ping,Type:2
2021/08/07 19:05:07 INFO:用户wuyanqing收到一条消息，Msg:Pong,Type:2
2021/08/07 19:05:09 INFO:用户wuyanqing向服务端发送了一条消息，Msg:是我，你爹！快打钱！,Type:5
2021/08/07 19:05:09 INFO:用户wuyanqing收到一条消息，Msg:wuyanqing
wuyanqing2
,Type:5
2021/08/07 19:05:10 INFO:用户wuyanqing2向服务端发送了一条消息，Msg:Ping,Type:2
2021/08/07 19:05:10 INFO:用户wuyanqing2收到一条消息，Msg:Pong,Type:2
2021/08/07 19:05:10 INFO:用户wuyanqing向服务端发送了一条消息，Msg:Ping,Type:2
2021/08/07 19:05:10 INFO:用户wuyanqing收到一条消息，Msg:Pong,Type:2
2021/08/07 19:05:11 INFO:用户wuyanqing2向服务端发送了一条消息，Msg:是我，你爹！快打钱！,Type:5
2021/08/07 19:05:11 INFO:用户wuyanqing2收到一条消息，Msg:wuyanqing2
wuyanqing
,Type:5
2021/08/07 19:05:13 INFO:用户wuyanqing2向服务端发送了一条消息，Msg:Ping,Type:2
2021/08/07 19:05:13 INFO:用户wuyanqing2收到一条消息，Msg:Pong,Type:2
2021/08/07 19:05:13 INFO:用户wuyanqing向服务端发送了一条消息，Msg:Ping,Type:2
2021/08/07 19:05:13 INFO:用户wuyanqing向服务端发送了一条消息，Msg:是我，你爹！快打钱！,Type:5
2021/08/07 19:05:13 INFO:用户wuyanqing收到一条消息，Msg:Pong,Type:2
2021/08/07 19:05:13 INFO:用户wuyanqing收到一条消息，Msg:wuyanqing
wuyanqing2
,Type:5
2021/08/07 19:05:15 INFO:用户wuyanqing2向服务端发送了一条消息，Msg:是我，你爹！快打钱！,Type:5
2021/08/07 19:05:15 INFO:用户wuyanqing2收到一条消息，Msg:wuyanqing
wuyanqing2
,Type:5
2021/08/07 19:05:16 INFO:用户wuyanqing2向服务端发送了一条消息，Msg:Ping,Type:2
2021/08/07 19:05:16 INFO:用户wuyanqing2收到一条消息，Msg:Pong,Type:2
2021/08/07 19:05:16 INFO:用户wuyanqing向服务端发送了一条消息，Msg:Ping,Type:2
2021/08/07 19:05:16 INFO:用户wuyanqing收到一条消息，Msg:Pong,Type:2
2021/08/07 19:05:17 INFO:用户wuyanqing向服务端发送了一条消息，Msg:是我，你爹！快打钱！,Type:5
2021/08/07 19:05:17 INFO:用户wuyanqing收到一条消息，Msg:wuyanqing2
wuyanqing
,Type:5
2021/08/07 19:05:19 INFO:用户wuyanqing2向服务端发送了一条消息，Msg:Ping,Type:2
2021/08/07 19:05:19 INFO:用户wuyanqing2向服务端发送了一条消息，Msg:是我，你爹！快打钱！,Type:5
2021/08/07 19:05:19 INFO:用户wuyanqing2收到一条消息，Msg:Pong,Type:2
2021/08/07 19:05:19 INFO:用户wuyanqing2收到一条消息，Msg:wuyanqing2
wuyanqing
,Type:5
2021/08/07 19:05:19 INFO:用户wuyanqing向服务端发送了一条消息，Msg:Ping,Type:2
2021/08/07 19:05:19 INFO:用户wuyanqing收到一条消息，Msg:Pong,Type:2
2021/08/07 19:05:21 INFO:用户wuyanqing向服务端发送了一条消息，Msg:是我，你爹！快打钱！,Type:5
2021/08/07 19:05:21 INFO:用户wuyanqing收到一条消息，Msg:wuyanqing
wuyanqing2
,Type:5
2021/08/07 19:05:22 INFO:用户wuyanqing2向服务端发送了一条消息，Msg:Ping,Type:2
2021/08/07 19:05:22 INFO:用户wuyanqing2收到一条消息，Msg:Pong,Type:2
2021/08/07 19:05:22 INFO:用户wuyanqing向服务端发送了一条消息，Msg:Ping,Type:2
2021/08/07 19:05:22 INFO:用户wuyanqing收到一条消息，Msg:Pong,Type:2
2021/08/07 19:05:23 INFO:用户wuyanqing2向服务端发送了一条消息，Msg:是我，你爹！快打钱！,Type:5
2021/08/07 19:05:23 INFO:用户wuyanqing2收到一条消息，Msg:wuyanqing2
wuyanqing
,Type:5
2021/08/07 19:05:25 INFO:用户wuyanqing2向服务端发送了一条消息，Msg:Ping,Type:2
2021/08/07 19:05:25 INFO:用户wuyanqing2收到一条消息，Msg:Pong,Type:2
2021/08/07 19:05:25 INFO:用户wuyanqing向服务端发送了一条消息，Msg:是我，你爹！快打钱！,Type:5
2021/08/07 19:05:25 INFO:用户wuyanqing向服务端发送了一条消息，Msg:Ping,Type:2
2021/08/07 19:05:25 INFO:用户wuyanqing收到一条消息，Msg:wuyanqing
wuyanqing2
,Type:5
2021/08/07 19:05:25 INFO:用户wuyanqing收到一条消息，Msg:Pong,Type:2
2021/08/07 19:05:27 INFO:用户wuyanqing2向服务端发送了一条消息，Msg:是我，你爹！快打钱！,Type:5
2021/08/07 19:05:27 INFO:用户wuyanqing2收到一条消息，Msg:wuyanqing
wuyanqing2
,Type:5
2021/08/07 19:05:28 INFO:用户wuyanqing2向服务端发送了一条消息，Msg:Ping,Type:2
2021/08/07 19:05:28 INFO:用户wuyanqing2收到一条消息，Msg:Pong,Type:2
2021/08/07 19:05:28 INFO:用户wuyanqing向服务端发送了一条消息，Msg:Ping,Type:2
2021/08/07 19:05:28 INFO:用户wuyanqing收到一条消息，Msg:Pong,Type:2
2021/08/07 19:05:29 INFO:用户wuyanqing向服务端发送了一条消息，Msg:是我，你爹！快打钱！,Type:5
2021/08/07 19:05:29 INFO:用户wuyanqing收到一条消息，Msg:wuyanqing
wuyanqing2
,Type:5
2021/08/07 19:05:31 INFO:用户wuyanqing2向服务端发送了一条消息，Msg:Ping,Type:2
2021/08/07 19:05:31 INFO:用户wuyanqing2向服务端发送了一条消息，Msg:是我，你爹！快打钱！,Type:5
2021/08/07 19:05:31 INFO:用户wuyanqing2收到一条消息，Msg:Pong,Type:2
2021/08/07 19:05:31 INFO:用户wuyanqing2收到一条消息，Msg:wuyanqing
wuyanqing2
,Type:5
2021/08/07 19:05:31 INFO:用户wuyanqing向服务端发送了一条消息，Msg:Ping,Type:2
2021/08/07 19:05:31 INFO:用户wuyanqing收到一条消息，Msg:Pong,Type:2
2021/08/07 19:05:33 INFO:用户wuyanqing向服务端发送了一条消息，Msg:是我，你爹！快打钱！,Type:5
2021/08/07 19:05:33 INFO:用户wuyanqing收到一条消息，Msg:wuyanqing
wuyanqing2
,Type:5
2021/08/07 19:05:34 INFO:用户wuyanqing2向服务端发送了一条消息，Msg:Ping,Type:2
2021/08/07 19:05:34 INFO:用户wuyanqing2收到一条消息，Msg:Pong,Type:2
2021/08/07 19:05:34 INFO:用户wuyanqing向服务端发送了一条消息，Msg:Ping,Type:2
2021/08/07 19:05:34 INFO:用户wuyanqing收到一条消息，Msg:Pong,Type:2
2021/08/07 19:05:35 INFO:用户wuyanqing2向服务端发送了一条消息，Msg:是我，你爹！快打钱！,Type:5
2021/08/07 19:05:35 INFO:用户wuyanqing2收到一条消息，Msg:wuyanqing
wuyanqing2
,Type:5
2021/08/07 19:05:37 INFO:用户wuyanqing2向服务端发送了一条消息，Msg:Ping,Type:2
2021/08/07 19:05:37 INFO:用户wuyanqing2收到一条消息，Msg:Pong,Type:2
2021/08/07 19:05:37 INFO:用户wuyanqing向服务端发送了一条消息，Msg:是我，你爹！快打钱！,Type:5
2021/08/07 19:05:37 INFO:用户wuyanqing向服务端发送了一条消息，Msg:Ping,Type:2
2021/08/07 19:05:37 INFO:用户wuyanqing收到一条消息，Msg:wuyanqing
wuyanqing2
,Type:5
2021/08/07 19:05:37 INFO:用户wuyanqing收到一条消息，Msg:Pong,Type:2
2021/08/07 19:05:39 INFO:用户wuyanqing2向服务端发送了一条消息，Msg:是我，你爹！快打钱！,Type:5
2021/08/07 19:05:39 INFO:用户wuyanqing2收到一条消息，Msg:wuyanqing
wuyanqing2
,Type:5
2021/08/07 19:05:40 INFO:用户wuyanqing2向服务端发送了一条消息，Msg:Ping,Type:2
2021/08/07 19:05:40 INFO:用户wuyanqing2收到一条消息，Msg:Pong,Type:2
2021/08/07 19:05:40 INFO:用户wuyanqing向服务端发送了一条消息，Msg:Ping,Type:2
2021/08/07 19:05:40 INFO:用户wuyanqing收到一条消息，Msg:Pong,Type:2
2021/08/07 19:05:41 INFO:用户wuyanqing向服务端发送了一条消息，Msg:是我，你爹！快打钱！,Type:5
2021/08/07 19:05:41 INFO:用户wuyanqing收到一条消息，Msg:wuyanqing
wuyanqing2
,Type:5
2021/08/07 19:05:43 INFO:用户wuyanqing2向服务端发送了一条消息，Msg:Ping,Type:2
2021/08/07 19:05:43 INFO:用户wuyanqing2向服务端发送了一条消息，Msg:是我，你爹！快打钱！,Type:5
2021/08/07 19:05:43 INFO:用户wuyanqing2收到一条消息，Msg:Pong,Type:2
2021/08/07 19:05:43 INFO:用户wuyanqing2收到一条消息，Msg:wuyanqing
wuyanqing2
,Type:5
2021/08/07 19:05:43 INFO:用户wuyanqing向服务端发送了一条消息，Msg:Ping,Type:2
2021/08/07 19:05:43 INFO:用户wuyanqing收到一条消息，Msg:Pong,Type:2
2021/08/07 19:05:45 INFO:用户wuyanqing向服务端发送了一条消息，Msg:是我，你爹！快打钱！,Type:5
2021/08/07 19:05:45 INFO:用户wuyanqing收到一条消息，Msg:wuyanqing2
wuyanqing
,Type:5
2021/08/07 19:05:46 INFO:用户wuyanqing2向服务端发送了一条消息，Msg:Ping,Type:2
2021/08/07 19:05:46 INFO:用户wuyanqing2收到一条消息，Msg:Pong,Type:2
2021/08/07 19:05:46 INFO:用户wuyanqing向服务端发送了一条消息，Msg:Ping,Type:2
2021/08/07 19:05:46 INFO:用户wuyanqing收到一条消息，Msg:Pong,Type:2
2021/08/07 19:05:47 INFO:用户wuyanqing2向服务端发送了一条消息，Msg:是我，你爹！快打钱！,Type:5
2021/08/07 19:05:47 INFO:用户wuyanqing2收到一条消息，Msg:wuyanqing
wuyanqing2
,Type:5
2021/08/07 19:05:49 INFO:用户wuyanqing2向服务端发送了一条消息，Msg:Ping,Type:2
2021/08/07 19:05:49 INFO:用户wuyanqing2收到一条消息，Msg:Pong,Type:2
2021/08/07 19:05:49 INFO:用户wuyanqing向服务端发送了一条消息，Msg:Ping,Type:2
2021/08/07 19:05:49 INFO:用户wuyanqing向服务端发送了一条消息，Msg:是我，你爹！快打钱！,Type:5
2021/08/07 19:05:49 INFO:用户wuyanqing收到一条消息，Msg:Pong,Type:2
2021/08/07 19:05:49 INFO:用户wuyanqing收到一条消息，Msg:wuyanqing2
wuyanqing
,Type:5
2021/08/07 19:05:51 INFO:用户wuyanqing2向服务端发送了一条消息，Msg:是我，你爹！快打钱！,Type:5
2021/08/07 19:05:51 INFO:用户wuyanqing2收到一条消息，Msg:wuyanqing2
wuyanqing
,Type:5
2021/08/07 19:05:51 Fyne error:  GLFW poll event error: InvalidValue: Invalid scancode
2021/08/07 19:05:51   At: /Users/wuyanqing/workspace/pkg/mod/fyne.io/fyne/v2@v2.0.3/internal/driver/glfw/loop.go:220
2021/08/07 19:05:52 INFO:用户wuyanqing2向服务端发送了一条消息，Msg:Ping,Type:2
2021/08/07 19:05:52 INFO:用户wuyanqing2收到一条消息，Msg:Pong,Type:2
2021/08/07 19:05:52 INFO:用户wuyanqing向服务端发送了一条消息，Msg:xsdcdsdsdc,Type:1
2021/08/07 19:05:52 INFO:用户wuyanqing2收到一条消息，Msg:xsdcdsdsdc,Type:1
2021/08/07 19:05:52 INFO:用户wuyanqing收到一条消息，Msg:xsdcdsdsdc,Type:1
2021/08/07 19:05:52 INFO:用户wuyanqing向服务端发送了一条消息，Msg:Ping,Type:2
2021/08/07 19:05:52 INFO:用户wuyanqing收到一条消息，Msg:Pong,Type:2
2021/08/07 19:05:53 INFO:用户wuyanqing向服务端发送了一条消息，Msg:是我，你爹！快打钱！,Type:5
2021/08/07 19:05:53 INFO:用户wuyanqing收到一条消息，Msg:wuyanqing
wuyanqing2
,Type:5
2021/08/07 19:05:55 INFO:用户wuyanqing2向服务端发送了一条消息，Msg:Ping,Type:2
2021/08/07 19:05:55 INFO:用户wuyanqing2向服务端发送了一条消息，Msg:是我，你爹！快打钱！,Type:5
2021/08/07 19:05:55 INFO:用户wuyanqing2收到一条消息，Msg:Pong,Type:2
2021/08/07 19:05:55 INFO:用户wuyanqing2收到一条消息，Msg:wuyanqing
wuyanqing2
,Type:5
2021/08/07 19:05:55 INFO:用户wuyanqing向服务端发送了一条消息，Msg:Ping,Type:2
2021/08/07 19:05:55 INFO:用户wuyanqing收到一条消息，Msg:Pong,Type:2
2021/08/07 19:05:56 INFO:用户wuyanqing2向服务端发送了一条消息，Msg:sdcdcdf,Type:1
2021/08/07 19:05:56 INFO:用户wuyanqing2收到一条消息，Msg:sdcdcdf,Type:1
2021/08/07 19:05:56 INFO:用户wuyanqing收到一条消息，Msg:sdcdcdf,Type:1
2021/08/07 19:05:57 INFO:用户wuyanqing向服务端发送了一条消息，Msg:是我，你爹！快打钱！,Type:5
2021/08/07 19:05:57 INFO:用户wuyanqing收到一条消息，Msg:wuyanqing2
wuyanqing
,Type:5
2021/08/07 19:05:58 INFO:用户wuyanqing2向服务端发送了一条消息，Msg:Ping,Type:2
2021/08/07 19:05:58 INFO:用户wuyanqing2收到一条消息，Msg:Pong,Type:2
2021/08/07 19:05:58 INFO:用户wuyanqing向服务端发送了一条消息，Msg:Ping,Type:2
2021/08/07 19:05:58 INFO:用户wuyanqing收到一条消息，Msg:Pong,Type:2
2021/08/07 19:05:59 INFO:用户wuyanqing2向服务端发送了一条消息，Msg:是我，你爹！快打钱！,Type:5
2021/08/07 19:05:59 INFO:用户wuyanqing2收到一条消息，Msg:wuyanqing
wuyanqing2
,Type:5
2021/08/07 19:06:01 INFO:用户wuyanqing2向服务端发送了一条消息，Msg:Ping,Type:2
2021/08/07 19:06:01 INFO:用户wuyanqing2收到一条消息，Msg:Pong,Type:2
2021/08/07 19:06:01 INFO:用户wuyanqing向服务端发送了一条消息，Msg:Ping,Type:2
2021/08/07 19:06:01 INFO:用户wuyanqing向服务端发送了一条消息，Msg:是我，你爹！快打钱！,Type:5
2021/08/07 19:06:01 INFO:用户wuyanqing收到一条消息，Msg:Pong,Type:2
2021/08/07 19:06:01 INFO:用户wuyanqing收到一条消息，Msg:wuyanqing2
wuyanqing
,Type:5
2021/08/07 19:06:03 INFO:用户wuyanqing2向服务端发送了一条消息，Msg:是我，你爹！快打钱！,Type:5
2021/08/07 19:06:03 INFO:用户wuyanqing2收到一条消息，Msg:wuyanqing2
wuyanqing
,Type:5
2021/08/07 19:06:04 INFO:用户wuyanqing2向服务端发送了一条消息，Msg:Ping,Type:2
2021/08/07 19:06:04 INFO:用户wuyanqing2收到一条消息，Msg:Pong,Type:2
2021/08/07 19:06:04 INFO:用户wuyanqing向服务端发送了一条消息，Msg:Ping,Type:2
2021/08/07 19:06:04 INFO:用户wuyanqing收到一条消息，Msg:Pong,Type:2
2021/08/07 19:06:05 INFO:用户wuyanqing向服务端发送了一条消息，Msg:是我，你爹！快打钱！,Type:5
2021/08/07 19:06:05 INFO:用户wuyanqing收到一条消息，Msg:wuyanqing
wuyanqing2
,Type:5
2021/08/07 19:06:07 INFO:用户wuyanqing2向服务端发送了一条消息，Msg:Ping,Type:2
2021/08/07 19:06:07 INFO:用户wuyanqing2向服务端发送了一条消息，Msg:是我，你爹！快打钱！,Type:5
2021/08/07 19:06:07 INFO:用户wuyanqing2收到一条消息，Msg:Pong,Type:2
2021/08/07 19:06:07 INFO:用户wuyanqing2收到一条消息，Msg:wuyanqing
wuyanqing2
,Type:5
2021/08/07 19:06:07 INFO:用户wuyanqing向服务端发送了一条消息，Msg:Ping,Type:2
2021/08/07 19:06:07 INFO:用户wuyanqing收到一条消息，Msg:Pong,Type:2
2021/08/07 19:06:09 INFO:用户wuyanqing向服务端发送了一条消息，Msg:是我，你爹！快打钱！,Type:5
2021/08/07 19:06:09 INFO:用户wuyanqing收到一条消息，Msg:wuyanqing
wuyanqing2
,Type:5
2021/08/07 19:06:10 INFO:用户wuyanqing2向服务端发送了一条消息，Msg:Ping,Type:2
2021/08/07 19:06:10 INFO:用户wuyanqing2收到一条消息，Msg:Pong,Type:2
2021/08/07 19:06:10 INFO:用户wuyanqing向服务端发送了一条消息，Msg:Ping,Type:2
2021/08/07 19:06:10 INFO:用户wuyanqing收到一条消息，Msg:Pong,Type:2
2021/08/07 19:06:11 INFO:用户wuyanqing2向服务端发送了一条消息，Msg:是我，你爹！快打钱！,Type:5
2021/08/07 19:06:11 INFO:用户wuyanqing2收到一条消息，Msg:wuyanqing
wuyanqing2
,Type:5
2021/08/07 19:06:13 INFO:用户wuyanqing2向服务端发送了一条消息，Msg:Ping,Type:2
2021/08/07 19:06:13 INFO:用户wuyanqing2收到一条消息，Msg:Pong,Type:2
2021/08/07 19:06:13 INFO:用户wuyanqing向服务端发送了一条消息，Msg:Ping,Type:2
2021/08/07 19:06:13 INFO:用户wuyanqing向服务端发送了一条消息，Msg:是我，你爹！快打钱！,Type:5
2021/08/07 19:06:13 INFO:用户wuyanqing收到一条消息，Msg:Pong,Type:2
2021/08/07 19:06:13 INFO:用户wuyanqing收到一条消息，Msg:wuyanqing
wuyanqing2
,Type:5
2021/08/07 19:06:15 INFO:用户wuyanqing2向服务端发送了一条消息，Msg:是我，你爹！快打钱！,Type:5
2021/08/07 19:06:15 INFO:用户wuyanqing2收到一条消息，Msg:wuyanqing
wuyanqing2
,Type:5
2021/08/07 19:06:16 INFO:用户wuyanqing2向服务端发送了一条消息，Msg:Ping,Type:2
2021/08/07 19:06:16 INFO:用户wuyanqing2收到一条消息，Msg:Pong,Type:2
2021/08/07 19:06:16 INFO:用户wuyanqing向服务端发送了一条消息，Msg:Ping,Type:2
2021/08/07 19:06:16 INFO:用户wuyanqing收到一条消息，Msg:Pong,Type:2
2021/08/07 19:06:17 INFO:用户wuyanqing向服务端发送了一条消息，Msg:是我，你爹！快打钱！,Type:5
2021/08/07 19:06:17 INFO:用户wuyanqing收到一条消息，Msg:wuyanqing
wuyanqing2
,Type:5
2021/08/07 19:06:19 INFO:用户wuyanqing2向服务端发送了一条消息，Msg:Ping,Type:2
2021/08/07 19:06:19 INFO:用户wuyanqing2向服务端发送了一条消息，Msg:是我，你爹！快打钱！,Type:5
2021/08/07 19:06:19 INFO:用户wuyanqing2收到一条消息，Msg:Pong,Type:2
2021/08/07 19:06:19 INFO:用户wuyanqing2收到一条消息，Msg:wuyanqing
wuyanqing2
,Type:5
2021/08/07 19:06:19 INFO:用户wuyanqing向服务端发送了一条消息，Msg:Ping,Type:2
2021/08/07 19:06:19 INFO:用户wuyanqing收到一条消息，Msg:Pong,Type:2
2021/08/07 19:06:21 INFO:用户wuyanqing向服务端发送了一条消息，Msg:是我，你爹！快打钱！,Type:5
2021/08/07 19:06:21 INFO:用户wuyanqing收到一条消息，Msg:wuyanqing
wuyanqing2
,Type:5
2021/08/07 19:06:22 INFO:用户wuyanqing2向服务端发送了一条消息，Msg:Ping,Type:2
2021/08/07 19:06:22 INFO:用户wuyanqing2收到一条消息，Msg:Pong,Type:2
2021/08/07 19:06:22 INFO:用户wuyanqing向服务端发送了一条消息，Msg:Ping,Type:2
2021/08/07 19:06:22 INFO:用户wuyanqing收到一条消息，Msg:Pong,Type:2
2021/08/07 19:06:23 INFO:用户wuyanqing2向服务端发送了一条消息，Msg:是我，你爹！快打钱！,Type:5
2021/08/07 19:06:23 INFO:用户wuyanqing2收到一条消息，Msg:wuyanqing
wuyanqing2
,Type:5
2021/08/07 19:06:25 INFO:用户wuyanqing2向服务端发送了一条消息，Msg:Ping,Type:2
2021/08/07 19:06:25 INFO:用户wuyanqing2收到一条消息，Msg:Pong,Type:2
2021/08/07 19:06:25 INFO:用户wuyanqing向服务端发送了一条消息，Msg:Ping,Type:2
2021/08/07 19:06:25 INFO:用户wuyanqing向服务端发送了一条消息，Msg:是我，你爹！快打钱！,Type:5
2021/08/07 19:06:25 INFO:用户wuyanqing收到一条消息，Msg:Pong,Type:2
2021/08/07 19:06:25 INFO:用户wuyanqing收到一条消息，Msg:wuyanqing
wuyanqing2
,Type:5
2021/08/07 19:06:27 INFO:用户wuyanqing2向服务端发送了一条消息，Msg:是我，你爹！快打钱！,Type:5
2021/08/07 19:06:27 INFO:用户wuyanqing2收到一条消息，Msg:wuyanqing
wuyanqing2
,Type:5
2021/08/07 19:06:28 INFO:用户wuyanqing2向服务端发送了一条消息，Msg:Ping,Type:2
2021/08/07 19:06:28 INFO:用户wuyanqing2收到一条消息，Msg:Pong,Type:2
2021/08/07 19:06:28 INFO:用户wuyanqing向服务端发送了一条消息，Msg:Ping,Type:2
2021/08/07 19:06:28 INFO:用户wuyanqing收到一条消息，Msg:Pong,Type:2
2021/08/07 19:06:29 INFO:用户wuyanqing向服务端发送了一条消息，Msg:是我，你爹！快打钱！,Type:5
2021/08/07 19:06:29 INFO:用户wuyanqing收到一条消息，Msg:wuyanqing
wuyanqing2
,Type:5
2021/08/07 19:06:31 INFO:用户wuyanqing2向服务端发送了一条消息，Msg:Ping,Type:2
2021/08/07 19:06:31 INFO:用户wuyanqing2向服务端发送了一条消息，Msg:是我，你爹！快打钱！,Type:5
2021/08/07 19:06:31 INFO:用户wuyanqing2收到一条消息，Msg:Pong,Type:2
2021/08/07 19:06:31 INFO:用户wuyanqing2收到一条消息，Msg:wuyanqing
wuyanqing2
,Type:5
2021/08/07 19:06:31 INFO:用户wuyanqing向服务端发送了一条消息，Msg:Ping,Type:2
2021/08/07 19:06:31 INFO:用户wuyanqing收到一条消息，Msg:Pong,Type:2
2021/08/07 19:06:33 INFO:用户wuyanqing向服务端发送了一条消息，Msg:是我，你爹！快打钱！,Type:5
2021/08/07 19:06:33 INFO:用户wuyanqing收到一条消息，Msg:wuyanqing
wuyanqing2
,Type:5
2021/08/07 19:06:34 INFO:用户wuyanqing2向服务端发送了一条消息，Msg:Ping,Type:2
2021/08/07 19:06:34 INFO:用户wuyanqing2收到一条消息，Msg:Pong,Type:2
2021/08/07 19:06:34 INFO:用户wuyanqing向服务端发送了一条消息，Msg:Ping,Type:2
2021/08/07 19:06:34 INFO:用户wuyanqing收到一条消息，Msg:Pong,Type:2
2021/08/07 19:06:35 INFO:用户wuyanqing2向服务端发送了一条消息，Msg:是我，你爹！快打钱！,Type:5
2021/08/07 19:06:35 INFO:用户wuyanqing2收到一条消息，Msg:wuyanqing
wuyanqing2
,Type:5
2021/08/07 19:06:37 INFO:用户wuyanqing2向服务端发送了一条消息，Msg:Ping,Type:2
2021/08/07 19:06:37 INFO:用户wuyanqing2收到一条消息，Msg:Pong,Type:2
2021/08/07 19:06:37 INFO:用户wuyanqing向服务端发送了一条消息，Msg:Ping,Type:2
2021/08/07 19:06:37 INFO:用户wuyanqing向服务端发送了一条消息，Msg:是我，你爹！快打钱！,Type:5
2021/08/07 19:06:37 INFO:用户wuyanqing收到一条消息，Msg:Pong,Type:2
2021/08/07 19:06:37 INFO:用户wuyanqing收到一条消息，Msg:wuyanqing
wuyanqing2
,Type:5
2021/08/07 19:06:39 INFO:用户wuyanqing2向服务端发送了一条消息，Msg:是我，你爹！快打钱！,Type:5
2021/08/07 19:06:39 INFO:用户wuyanqing2收到一条消息，Msg:wuyanqing
wuyanqing2
,Type:5
2021/08/07 19:06:40 INFO:用户wuyanqing2向服务端发送了一条消息，Msg:Ping,Type:2
2021/08/07 19:06:40 INFO:用户wuyanqing2收到一条消息，Msg:Pong,Type:2
2021/08/07 19:06:40 INFO:用户wuyanqing向服务端发送了一条消息，Msg:Ping,Type:2
2021/08/07 19:06:40 INFO:用户wuyanqing收到一条消息，Msg:Pong,Type:2
2021/08/07 19:06:41 INFO:用户wuyanqing向服务端发送了一条消息，Msg:是我，你爹！快打钱！,Type:5
2021/08/07 19:06:41 INFO:用户wuyanqing收到一条消息，Msg:wuyanqing
wuyanqing2
,Type:5
2021/08/07 19:06:43 INFO:用户wuyanqing2向服务端发送了一条消息，Msg:wuyanqing2:login out,Type:3
2021/08/07 19:06:43 read tcp 127.0.0.1:58498->127.0.0.1:8011: use of closed network connection
2021/08/07 19:06:43 ERROR:用户wuyanqing2在读送消息时，连接已关闭，发生错误，退出关闭
2021/08/07 19:06:43 INFO:用户wuyanqing2关闭websocket连接
2021/08/07 19:06:43 INFO:用户wuyanqing收到一条消息，Msg:user is wuyanqing2 exit,Type:3
2021/08/07 19:06:43 INFO:用户wuyanqing向服务端发送了一条消息，Msg:Ping,Type:2
2021/08/07 19:06:43 INFO:用户wuyanqing收到一条消息，Msg:Pong,Type:2
2021/08/07 19:06:45 INFO:用户wuyanqing向服务端发送了一条消息，Msg:是我，你爹！快打钱！,Type:5
2021/08/07 19:06:45 INFO:用户wuyanqing收到一条消息，Msg:wuyanqing
,Type:5
2021/08/07 19:06:46 INFO:用户wuyanqing向服务端发送了一条消息，Msg:Ping,Type:2
2021/08/07 19:06:46 INFO:用户wuyanqing收到一条消息，Msg:Pong,Type:2
2021/08/07 19:06:49 INFO:用户wuyanqing向服务端发送了一条消息，Msg:Ping,Type:2
2021/08/07 19:06:49 INFO:用户wuyanqing向服务端发送了一条消息，Msg:是我，你爹！快打钱！,Type:5
2021/08/07 19:06:49 INFO:用户wuyanqing收到一条消息，Msg:Pong,Type:2
2021/08/07 19:06:49 INFO:用户wuyanqing收到一条消息，Msg:wuyanqing
,Type:5
2021/08/07 19:06:52 INFO:用户wuyanqing向服务端发送了一条消息，Msg:Ping,Type:2
2021/08/07 19:06:52 INFO:用户wuyanqing收到一条消息，Msg:Pong,Type:2
2021/08/07 19:06:53 INFO:用户wuyanqing向服务端发送了一条消息，Msg:是我，你爹！快打钱！,Type:5
2021/08/07 19:06:53 INFO:用户wuyanqing收到一条消息，Msg:wuyanqing
,Type:5
2021/08/07 19:06:55 INFO:用户wuyanqing向服务端发送了一条消息，Msg:Ping,Type:2
2021/08/07 19:06:55 INFO:用户wuyanqing收到一条消息，Msg:Pong,Type:2
2021/08/07 19:06:57 INFO:用户wuyanqing向服务端发送了一条消息，Msg:是我，你爹！快打钱！,Type:5
2021/08/07 19:06:57 INFO:用户wuyanqing收到一条消息，Msg:wuyanqing
,Type:5
2021/08/07 19:06:58 INFO:用户wuyanqing向服务端发送了一条消息，Msg:Ping,Type:2
2021/08/07 19:06:58 INFO:用户wuyanqing收到一条消息，Msg:Pong,Type:2
2021/08/07 19:07:01 INFO:用户wuyanqing向服务端发送了一条消息，Msg:Ping,Type:2
2021/08/07 19:07:01 INFO:用户wuyanqing向服务端发送了一条消息，Msg:是我，你爹！快打钱！,Type:5
2021/08/07 19:07:01 INFO:用户wuyanqing收到一条消息，Msg:Pong,Type:2
2021/08/07 19:07:01 INFO:用户wuyanqing收到一条消息，Msg:wuyanqing
,Type:5
2021/08/07 19:07:04 INFO:用户wuyanqing向服务端发送了一条消息，Msg:Ping,Type:2
2021/08/07 19:07:04 INFO:用户wuyanqing收到一条消息，Msg:Pong,Type:2
2021/08/07 19:07:05 INFO:用户wuyanqing向服务端发送了一条消息，Msg:是我，你爹！快打钱！,Type:5
2021/08/07 19:07:06 INFO:用户wuyanqing收到一条消息，Msg:wuyanqing
,Type:5
2021/08/07 19:07:07 INFO:用户wuyanqing向服务端发送了一条消息，Msg:Ping,Type:2
2021/08/07 19:07:07 INFO:用户wuyanqing收到一条消息，Msg:Pong,Type:2
2021/08/07 19:07:09 INFO:用户wuyanqing向服务端发送了一条消息，Msg:是我，你爹！快打钱！,Type:5
2021/08/07 19:07:09 INFO:用户wuyanqing收到一条消息，Msg:wuyanqing
,Type:5
2021/08/07 19:07:10 INFO:用户wuyanqing向服务端发送了一条消息，Msg:Ping,Type:2
2021/08/07 19:07:10 INFO:用户wuyanqing收到一条消息，Msg:Pong,Type:2
2021/08/07 19:07:13 INFO:用户wuyanqing向服务端发送了一条消息，Msg:是我，你爹！快打钱！,Type:5
2021/08/07 19:07:13 INFO:用户wuyanqing向服务端发送了一条消息，Msg:Ping,Type:2
2021/08/07 19:07:13 INFO:用户wuyanqing收到一条消息，Msg:wuyanqing
,Type:5
2021/08/07 19:07:13 INFO:用户wuyanqing收到一条消息，Msg:Pong,Type:2
2021/08/07 19:07:16 INFO:用户wuyanqing向服务端发送了一条消息，Msg:Ping,Type:2
2021/08/07 19:07:16 INFO:用户wuyanqing收到一条消息，Msg:Pong,Type:2
2021/08/07 19:07:17 INFO:用户wuyanqing向服务端发送了一条消息，Msg:是我，你爹！快打钱！,Type:5
2021/08/07 19:07:17 INFO:用户wuyanqing收到一条消息，Msg:wuyanqing
,Type:5
2021/08/07 19:07:19 INFO:用户wuyanqing向服务端发送了一条消息，Msg:Ping,Type:2
2021/08/07 19:07:19 INFO:用户wuyanqing收到一条消息，Msg:Pong,Type:2
2021/08/07 19:07:21 INFO:用户wuyanqing向服务端发送了一条消息，Msg:是我，你爹！快打钱！,Type:5
2021/08/07 19:07:21 INFO:用户wuyanqing收到一条消息，Msg:wuyanqing
,Type:5
2021/08/07 19:07:22 INFO:用户wuyanqing向服务端发送了一条消息，Msg:Ping,Type:2
2021/08/07 19:07:22 INFO:用户wuyanqing收到一条消息，Msg:Pong,Type:2
2021/08/07 19:07:25 INFO:用户wuyanqing向服务端发送了一条消息，Msg:Ping,Type:2
2021/08/07 19:07:25 INFO:用户wuyanqing向服务端发送了一条消息，Msg:是我，你爹！快打钱！,Type:5
2021/08/07 19:07:25 INFO:用户wuyanqing收到一条消息，Msg:Pong,Type:2
2021/08/07 19:07:25 INFO:用户wuyanqing收到一条消息，Msg:wuyanqing
,Type:5
2021/08/07 19:07:28 INFO:用户wuyanqing向服务端发送了一条消息，Msg:Ping,Type:2
2021/08/07 19:07:28 INFO:用户wuyanqing收到一条消息，Msg:Pong,Type:2
2021/08/07 19:07:29 INFO:用户wuyanqing向服务端发送了一条消息，Msg:是我，你爹！快打钱！,Type:5
2021/08/07 19:07:29 INFO:用户wuyanqing收到一条消息，Msg:wuyanqing
,Type:5
2021/08/07 19:07:31 INFO:用户wuyanqing向服务端发送了一条消息，Msg:Ping,Type:2
2021/08/07 19:07:31 INFO:用户wuyanqing收到一条消息，Msg:Pong,Type:2
2021/08/07 19:07:33 INFO:用户wuyanqing向服务端发送了一条消息，Msg:是我，你爹！快打钱！,Type:5
2021/08/07 19:07:33 INFO:用户wuyanqing收到一条消息，Msg:wuyanqing
,Type:5
2021/08/07 19:07:34 INFO:用户wuyanqing向服务端发送了一条消息，Msg:Ping,Type:2
2021/08/07 19:07:34 INFO:用户wuyanqing收到一条消息，Msg:Pong,Type:2
2021/08/07 19:07:37 INFO:用户wuyanqing向服务端发送了一条消息，Msg:Ping,Type:2
2021/08/07 19:07:37 INFO:用户wuyanqing向服务端发送了一条消息，Msg:是我，你爹！快打钱！,Type:5
2021/08/07 19:07:37 INFO:用户wuyanqing收到一条消息，Msg:Pong,Type:2
2021/08/07 19:07:37 INFO:用户wuyanqing收到一条消息，Msg:wuyanqing
,Type:5
2021/08/07 19:07:40 INFO:用户wuyanqing向服务端发送了一条消息，Msg:Ping,Type:2
2021/08/07 19:07:40 INFO:用户wuyanqing收到一条消息，Msg:Pong,Type:2
2021/08/07 19:07:41 INFO:用户wuyanqing向服务端发送了一条消息，Msg:是我，你爹！快打钱！,Type:5
2021/08/07 19:07:41 INFO:用户wuyanqing收到一条消息，Msg:wuyanqing
,Type:5
2021/08/07 19:07:43 INFO:用户wuyanqing向服务端发送了一条消息，Msg:Ping,Type:2
2021/08/07 19:07:43 INFO:用户wuyanqing收到一条消息，Msg:Pong,Type:2
2021/08/07 19:07:45 INFO:用户wuyanqing向服务端发送了一条消息，Msg:是我，你爹！快打钱！,Type:5
2021/08/07 19:07:45 INFO:用户wuyanqing收到一条消息，Msg:wuyanqing
,Type:5
2021/08/07 19:07:46 INFO:用户wuyanqing向服务端发送了一条消息，Msg:Ping,Type:2
2021/08/07 19:07:46 INFO:用户wuyanqing收到一条消息，Msg:Pong,Type:2
2021/08/07 19:07:49 INFO:用户wuyanqing向服务端发送了一条消息，Msg:Ping,Type:2
2021/08/07 19:07:49 INFO:用户wuyanqing向服务端发送了一条消息，Msg:是我，你爹！快打钱！,Type:5
2021/08/07 19:07:49 INFO:用户wuyanqing收到一条消息，Msg:Pong,Type:2
2021/08/07 19:07:49 INFO:用户wuyanqing收到一条消息，Msg:wuyanqing
,Type:5
2021/08/07 19:07:52 INFO:用户wuyanqing向服务端发送了一条消息，Msg:Ping,Type:2
2021/08/07 19:07:52 INFO:用户wuyanqing收到一条消息，Msg:Pong,Type:2
2021/08/07 19:07:53 INFO:用户wuyanqing向服务端发送了一条消息，Msg:是我，你爹！快打钱！,Type:5
2021/08/07 19:07:53 INFO:用户wuyanqing收到一条消息，Msg:wuyanqing
,Type:5
2021/08/07 19:07:55 INFO:用户wuyanqing向服务端发送了一条消息，Msg:Ping,Type:2
2021/08/07 19:07:55 INFO:用户wuyanqing收到一条消息，Msg:Pong,Type:2
2021/08/07 19:07:57 INFO:用户wuyanqing向服务端发送了一条消息，Msg:是我，你爹！快打钱！,Type:5
2021/08/07 19:07:57 INFO:用户wuyanqing收到一条消息，Msg:wuyanqing
,Type:5
2021/08/07 19:07:58 INFO:用户wuyanqing向服务端发送了一条消息，Msg:Ping,Type:2
2021/08/07 19:07:58 INFO:用户wuyanqing收到一条消息，Msg:Pong,Type:2
2021/08/07 19:08:01 INFO:用户wuyanqing向服务端发送了一条消息，Msg:是我，你爹！快打钱！,Type:5
2021/08/07 19:08:01 INFO:用户wuyanqing向服务端发送了一条消息，Msg:Ping,Type:2
2021/08/07 19:08:01 INFO:用户wuyanqing收到一条消息，Msg:wuyanqing
,Type:5
2021/08/07 19:08:01 INFO:用户wuyanqing收到一条消息，Msg:Pong,Type:2
2021/08/07 19:08:04 INFO:用户wuyanqing向服务端发送了一条消息，Msg:Ping,Type:2
2021/08/07 19:08:04 INFO:用户wuyanqing收到一条消息，Msg:Pong,Type:2
2021/08/07 19:08:05 INFO:用户wuyanqing向服务端发送了一条消息，Msg:是我，你爹！快打钱！,Type:5
2021/08/07 19:08:05 INFO:用户wuyanqing收到一条消息，Msg:wuyanqing
,Type:5
2021/08/07 19:08:07 INFO:用户wuyanqing向服务端发送了一条消息，Msg:Ping,Type:2
2021/08/07 19:08:07 INFO:用户wuyanqing收到一条消息，Msg:Pong,Type:2
2021/08/07 19:08:09 INFO:用户wuyanqing向服务端发送了一条消息，Msg:是我，你爹！快打钱！,Type:5
2021/08/07 19:08:09 INFO:用户wuyanqing收到一条消息，Msg:wuyanqing
,Type:5
2021/08/07 19:08:10 INFO:用户wuyanqing向服务端发送了一条消息，Msg:Ping,Type:2
2021/08/07 19:08:10 INFO:用户wuyanqing收到一条消息，Msg:Pong,Type:2
2021/08/07 19:08:13 INFO:用户wuyanqing向服务端发送了一条消息，Msg:是我，你爹！快打钱！,Type:5
2021/08/07 19:08:13 INFO:用户wuyanqing向服务端发送了一条消息，Msg:Ping,Type:2
2021/08/07 19:08:13 INFO:用户wuyanqing收到一条消息，Msg:wuyanqing
,Type:5
2021/08/07 19:08:13 INFO:用户wuyanqing收到一条消息，Msg:Pong,Type:2
2021/08/07 19:08:16 INFO:用户wuyanqing向服务端发送了一条消息，Msg:Ping,Type:2
2021/08/07 19:08:16 INFO:用户wuyanqing收到一条消息，Msg:Pong,Type:2
2021/08/07 19:08:17 INFO:用户wuyanqing向服务端发送了一条消息，Msg:是我，你爹！快打钱！,Type:5
2021/08/07 19:08:17 INFO:用户wuyanqing收到一条消息，Msg:wuyanqing
,Type:5
2021/08/07 19:08:19 INFO:用户wuyanqing向服务端发送了一条消息，Msg:Ping,Type:2
2021/08/07 19:08:19 INFO:用户wuyanqing收到一条消息，Msg:Pong,Type:2
2021/08/07 19:08:21 INFO:用户wuyanqing向服务端发送了一条消息，Msg:是我，你爹！快打钱！,Type:5
2021/08/07 19:08:21 INFO:用户wuyanqing收到一条消息，Msg:wuyanqing
,Type:5
2021/08/07 19:08:22 INFO:用户wuyanqing向服务端发送了一条消息，Msg:Ping,Type:2
2021/08/07 19:08:22 INFO:用户wuyanqing收到一条消息，Msg:Pong,Type:2
2021/08/07 19:08:25 INFO:用户wuyanqing向服务端发送了一条消息，Msg:是我，你爹！快打钱！,Type:5
2021/08/07 19:08:25 INFO:用户wuyanqing向服务端发送了一条消息，Msg:Ping,Type:2
2021/08/07 19:08:25 INFO:用户wuyanqing收到一条消息，Msg:wuyanqing
,Type:5
2021/08/07 19:08:25 INFO:用户wuyanqing收到一条消息，Msg:Pong,Type:2
2021/08/07 19:08:28 INFO:用户wuyanqing向服务端发送了一条消息，Msg:Ping,Type:2
2021/08/07 19:08:28 INFO:用户wuyanqing收到一条消息，Msg:Pong,Type:2
2021/08/07 19:08:29 INFO:用户wuyanqing向服务端发送了一条消息，Msg:是我，你爹！快打钱！,Type:5
2021/08/07 19:08:29 INFO:用户wuyanqing收到一条消息，Msg:wuyanqing
,Type:5
2021/08/07 19:08:31 INFO:用户wuyanqing向服务端发送了一条消息，Msg:Ping,Type:2
2021/08/07 19:08:31 INFO:用户wuyanqing收到一条消息，Msg:Pong,Type:2
2021/08/07 19:08:33 INFO:用户wuyanqing向服务端发送了一条消息，Msg:是我，你爹！快打钱！,Type:5
2021/08/07 19:08:33 INFO:用户wuyanqing收到一条消息，Msg:wuyanqing
,Type:5
2021/08/07 19:08:34 INFO:用户wuyanqing向服务端发送了一条消息，Msg:Ping,Type:2
2021/08/07 19:08:34 INFO:用户wuyanqing收到一条消息，Msg:Pong,Type:2
2021/08/07 19:08:37 INFO:用户wuyanqing向服务端发送了一条消息，Msg:Ping,Type:2
2021/08/07 19:08:37 INFO:用户wuyanqing向服务端发送了一条消息，Msg:是我，你爹！快打钱！,Type:5
2021/08/07 19:08:37 INFO:用户wuyanqing收到一条消息，Msg:Pong,Type:2
2021/08/07 19:08:37 INFO:用户wuyanqing收到一条消息，Msg:wuyanqing
,Type:5
2021/08/07 19:08:40 INFO:用户wuyanqing向服务端发送了一条消息，Msg:Ping,Type:2
2021/08/07 19:08:40 INFO:用户wuyanqing收到一条消息，Msg:Pong,Type:2
2021/08/07 19:08:41 INFO:用户wuyanqing向服务端发送了一条消息，Msg:是我，你爹！快打钱！,Type:5
2021/08/07 19:08:41 INFO:用户wuyanqing收到一条消息，Msg:wuyanqing
,Type:5
2021/08/07 19:08:43 INFO:用户wuyanqing向服务端发送了一条消息，Msg:Ping,Type:2
2021/08/07 19:08:43 INFO:用户wuyanqing收到一条消息，Msg:Pong,Type:2
2021/08/07 19:08:45 INFO:用户wuyanqing向服务端发送了一条消息，Msg:是我，你爹！快打钱！,Type:5
2021/08/07 19:08:45 INFO:用户wuyanqing收到一条消息，Msg:wuyanqing
,Type:5
2021/08/07 19:08:46 INFO:用户wuyanqing向服务端发送了一条消息，Msg:Ping,Type:2
2021/08/07 19:08:46 INFO:用户wuyanqing收到一条消息，Msg:Pong,Type:2
2021/08/07 19:08:49 INFO:用户wuyanqing向服务端发送了一条消息，Msg:是我，你爹！快打钱！,Type:5
2021/08/07 19:08:49 INFO:用户wuyanqing向服务端发送了一条消息，Msg:Ping,Type:2
2021/08/07 19:08:49 INFO:用户wuyanqing收到一条消息，Msg:wuyanqing
,Type:5
2021/08/07 19:08:49 INFO:用户wuyanqing收到一条消息，Msg:Pong,Type:2
2021/08/07 19:08:52 INFO:用户wuyanqing向服务端发送了一条消息，Msg:Ping,Type:2
2021/08/07 19:08:52 INFO:用户wuyanqing收到一条消息，Msg:Pong,Type:2
2021/08/07 19:08:54 INFO:用户wuyanqing向服务端发送了一条消息，Msg:是我，你爹！快打钱！,Type:5
2021/08/07 19:08:54 INFO:用户wuyanqing收到一条消息，Msg:wuyanqing
,Type:5
2021/08/07 19:08:55 INFO:用户wuyanqing向服务端发送了一条消息，Msg:Ping,Type:2
2021/08/07 19:08:55 INFO:用户wuyanqing收到一条消息，Msg:Pong,Type:2
2021/08/07 19:08:57 INFO:用户wuyanqing向服务端发送了一条消息，Msg:是我，你爹！快打钱！,Type:5
2021/08/07 19:08:57 INFO:用户wuyanqing收到一条消息，Msg:wuyanqing
,Type:5
2021/08/07 19:08:58 INFO:用户wuyanqing向服务端发送了一条消息，Msg:Ping,Type:2
2021/08/07 19:08:58 INFO:用户wuyanqing收到一条消息，Msg:Pong,Type:2
2021/08/07 19:09:01 INFO:用户wuyanqing向服务端发送了一条消息，Msg:Ping,Type:2
2021/08/07 19:09:01 INFO:用户wuyanqing向服务端发送了一条消息，Msg:是我，你爹！快打钱！,Type:5
2021/08/07 19:09:01 INFO:用户wuyanqing收到一条消息，Msg:Pong,Type:2
2021/08/07 19:09:01 INFO:用户wuyanqing收到一条消息，Msg:wuyanqing
,Type:5
2021/08/07 19:09:04 INFO:用户wuyanqing向服务端发送了一条消息，Msg:Ping,Type:2
2021/08/07 19:09:04 INFO:用户wuyanqing收到一条消息，Msg:Pong,Type:2
2021/08/07 19:09:05 INFO:用户wuyanqing向服务端发送了一条消息，Msg:是我，你爹！快打钱！,Type:5
2021/08/07 19:09:05 INFO:用户wuyanqing收到一条消息，Msg:wuyanqing
,Type:5
2021/08/07 19:09:07 INFO:用户wuyanqing向服务端发送了一条消息，Msg:Ping,Type:2
2021/08/07 19:09:07 INFO:用户wuyanqing收到一条消息，Msg:Pong,Type:2
2021/08/07 19:09:09 INFO:用户wuyanqing向服务端发送了一条消息，Msg:是我，你爹！快打钱！,Type:5
2021/08/07 19:09:09 INFO:用户wuyanqing收到一条消息，Msg:wuyanqing
,Type:5
2021/08/07 19:09:10 INFO:用户wuyanqing向服务端发送了一条消息，Msg:Ping,Type:2
2021/08/07 19:09:10 INFO:用户wuyanqing收到一条消息，Msg:Pong,Type:2
2021/08/07 19:09:13 INFO:用户wuyanqing向服务端发送了一条消息，Msg:Ping,Type:2
2021/08/07 19:09:13 INFO:用户wuyanqing向服务端发送了一条消息，Msg:是我，你爹！快打钱！,Type:5
2021/08/07 19:09:13 INFO:用户wuyanqing收到一条消息，Msg:Pong,Type:2
2021/08/07 19:09:13 INFO:用户wuyanqing收到一条消息，Msg:wuyanqing
,Type:5
2021/08/07 19:09:16 INFO:用户wuyanqing向服务端发送了一条消息，Msg:Ping,Type:2
2021/08/07 19:09:16 INFO:用户wuyanqing收到一条消息，Msg:Pong,Type:2
2021/08/07 19:09:17 INFO:用户wuyanqing向服务端发送了一条消息，Msg:是我，你爹！快打钱！,Type:5
2021/08/07 19:09:17 INFO:用户wuyanqing收到一条消息，Msg:wuyanqing
,Type:5
2021/08/07 19:09:19 INFO:用户wuyanqing向服务端发送了一条消息，Msg:Ping,Type:2
2021/08/07 19:09:19 INFO:用户wuyanqing收到一条消息，Msg:Pong,Type:2
2021/08/07 19:09:21 INFO:用户wuyanqing向服务端发送了一条消息，Msg:是我，你爹！快打钱！,Type:5
2021/08/07 19:09:21 INFO:用户wuyanqing收到一条消息，Msg:wuyanqing
,Type:5
2021/08/07 19:09:22 INFO:用户wuyanqing向服务端发送了一条消息，Msg:Ping,Type:2
2021/08/07 19:09:22 INFO:用户wuyanqing收到一条消息，Msg:Pong,Type:2
2021/08/07 19:09:25 INFO:用户wuyanqing向服务端发送了一条消息，Msg:Ping,Type:2
2021/08/07 19:09:25 INFO:用户wuyanqing向服务端发送了一条消息，Msg:是我，你爹！快打钱！,Type:5
2021/08/07 19:09:25 INFO:用户wuyanqing收到一条消息，Msg:Pong,Type:2
2021/08/07 19:09:25 INFO:用户wuyanqing收到一条消息，Msg:wuyanqing
,Type:5
2021/08/07 19:09:28 INFO:用户wuyanqing向服务端发送了一条消息，Msg:Ping,Type:2
2021/08/07 19:09:28 INFO:用户wuyanqing收到一条消息，Msg:Pong,Type:2
2021/08/07 19:09:29 INFO:用户wuyanqing向服务端发送了一条消息，Msg:是我，你爹！快打钱！,Type:5
2021/08/07 19:09:29 INFO:用户wuyanqing收到一条消息，Msg:wuyanqing
,Type:5
2021/08/07 19:09:31 INFO:用户wuyanqing向服务端发送了一条消息，Msg:Ping,Type:2
2021/08/07 19:09:31 INFO:用户wuyanqing收到一条消息，Msg:Pong,Type:2
2021/08/07 19:09:33 INFO:用户wuyanqing向服务端发送了一条消息，Msg:是我，你爹！快打钱！,Type:5
2021/08/07 19:09:33 INFO:用户wuyanqing收到一条消息，Msg:wuyanqing
,Type:5
2021/08/07 19:09:34 INFO:用户wuyanqing向服务端发送了一条消息，Msg:Ping,Type:2
2021/08/07 19:09:34 INFO:用户wuyanqing收到一条消息，Msg:Pong,Type:2
2021/08/07 19:09:37 INFO:用户wuyanqing向服务端发送了一条消息，Msg:是我，你爹！快打钱！,Type:5
2021/08/07 19:09:37 INFO:用户wuyanqing向服务端发送了一条消息，Msg:Ping,Type:2
2021/08/07 19:09:37 INFO:用户wuyanqing收到一条消息，Msg:wuyanqing
,Type:5
2021/08/07 19:09:37 INFO:用户wuyanqing收到一条消息，Msg:Pong,Type:2
2021/08/07 19:09:40 INFO:用户wuyanqing向服务端发送了一条消息，Msg:Ping,Type:2
2021/08/07 19:09:40 INFO:用户wuyanqing收到一条消息，Msg:Pong,Type:2
2021/08/07 19:09:41 INFO:用户wuyanqing向服务端发送了一条消息，Msg:是我，你爹！快打钱！,Type:5
2021/08/07 19:09:41 INFO:用户wuyanqing收到一条消息，Msg:wuyanqing
,Type:5
2021/08/07 19:09:43 INFO:用户wuyanqing向服务端发送了一条消息，Msg:Ping,Type:2
2021/08/07 19:09:43 INFO:用户wuyanqing收到一条消息，Msg:Pong,Type:2
2021/08/07 19:09:45 INFO:用户wuyanqing向服务端发送了一条消息，Msg:是我，你爹！快打钱！,Type:5
2021/08/07 19:09:45 INFO:用户wuyanqing收到一条消息，Msg:wuyanqing
,Type:5
2021/08/07 19:09:46 INFO:用户wuyanqing向服务端发送了一条消息，Msg:Ping,Type:2
2021/08/07 19:09:46 INFO:用户wuyanqing收到一条消息，Msg:Pong,Type:2
2021/08/07 19:09:49 INFO:用户wuyanqing向服务端发送了一条消息，Msg:Ping,Type:2
2021/08/07 19:09:49 INFO:用户wuyanqing向服务端发送了一条消息，Msg:是我，你爹！快打钱！,Type:5
2021/08/07 19:09:49 INFO:用户wuyanqing收到一条消息，Msg:Pong,Type:2
2021/08/07 19:09:49 INFO:用户wuyanqing收到一条消息，Msg:wuyanqing
,Type:5
2021/08/07 19:09:52 INFO:用户wuyanqing向服务端发送了一条消息，Msg:Ping,Type:2
2021/08/07 19:09:52 INFO:用户wuyanqing收到一条消息，Msg:Pong,Type:2
2021/08/07 19:09:53 INFO:用户wuyanqing向服务端发送了一条消息，Msg:是我，你爹！快打钱！,Type:5
2021/08/07 19:09:53 INFO:用户wuyanqing收到一条消息，Msg:wuyanqing
,Type:5
2021/08/07 19:09:55 INFO:用户wuyanqing向服务端发送了一条消息，Msg:Ping,Type:2
2021/08/07 19:09:55 INFO:用户wuyanqing收到一条消息，Msg:Pong,Type:2
2021/08/07 19:09:57 INFO:用户wuyanqing向服务端发送了一条消息，Msg:是我，你爹！快打钱！,Type:5
2021/08/07 19:09:57 INFO:用户wuyanqing收到一条消息，Msg:wuyanqing
,Type:5
2021/08/07 19:09:58 INFO:用户wuyanqing向服务端发送了一条消息，Msg:Ping,Type:2
2021/08/07 19:09:58 INFO:用户wuyanqing收到一条消息，Msg:Pong,Type:2
2021/08/07 19:10:01 INFO:用户wuyanqing向服务端发送了一条消息，Msg:是我，你爹！快打钱！,Type:5
2021/08/07 19:10:01 INFO:用户wuyanqing向服务端发送了一条消息，Msg:Ping,Type:2
2021/08/07 19:10:01 INFO:用户wuyanqing收到一条消息，Msg:wuyanqing
,Type:5
2021/08/07 19:10:01 INFO:用户wuyanqing收到一条消息，Msg:Pong,Type:2
2021/08/07 19:10:04 INFO:用户wuyanqing向服务端发送了一条消息，Msg:Ping,Type:2
2021/08/07 19:10:04 INFO:用户wuyanqing收到一条消息，Msg:Pong,Type:2
2021/08/07 19:10:05 INFO:用户wuyanqing向服务端发送了一条消息，Msg:是我，你爹！快打钱！,Type:5
2021/08/07 19:10:05 INFO:用户wuyanqing收到一条消息，Msg:wuyanqing
,Type:5
2021/08/07 19:10:07 INFO:用户wuyanqing向服务端发送了一条消息，Msg:Ping,Type:2
2021/08/07 19:10:07 INFO:用户wuyanqing收到一条消息，Msg:Pong,Type:2
2021/08/07 19:10:09 INFO:用户wuyanqing向服务端发送了一条消息，Msg:是我，你爹！快打钱！,Type:5
2021/08/07 19:10:09 INFO:用户wuyanqing收到一条消息，Msg:wuyanqing
,Type:5
2021/08/07 19:10:10 INFO:用户wuyanqing向服务端发送了一条消息，Msg:Ping,Type:2
2021/08/07 19:10:10 INFO:用户wuyanqing收到一条消息，Msg:Pong,Type:2
2021/08/07 19:10:13 INFO:用户wuyanqing向服务端发送了一条消息，Msg:Ping,Type:2
2021/08/07 19:10:13 INFO:用户wuyanqing向服务端发送了一条消息，Msg:是我，你爹！快打钱！,Type:5
2021/08/07 19:10:13 INFO:用户wuyanqing收到一条消息，Msg:Pong,Type:2
2021/08/07 19:10:13 INFO:用户wuyanqing收到一条消息，Msg:wuyanqing
,Type:5
2021/08/07 19:10:16 INFO:用户wuyanqing向服务端发送了一条消息，Msg:Ping,Type:2
2021/08/07 19:10:16 INFO:用户wuyanqing收到一条消息，Msg:Pong,Type:2
2021/08/07 19:10:17 INFO:用户wuyanqing向服务端发送了一条消息，Msg:是我，你爹！快打钱！,Type:5
2021/08/07 19:10:17 INFO:用户wuyanqing收到一条消息，Msg:wuyanqing
,Type:5
2021/08/07 19:10:19 INFO:用户wuyanqing向服务端发送了一条消息，Msg:Ping,Type:2
2021/08/07 19:10:19 INFO:用户wuyanqing收到一条消息，Msg:Pong,Type:2
2021/08/07 19:10:21 INFO:用户wuyanqing向服务端发送了一条消息，Msg:是我，你爹！快打钱！,Type:5
2021/08/07 19:10:21 INFO:用户wuyanqing收到一条消息，Msg:wuyanqing
,Type:5
2021/08/07 19:10:22 INFO:用户wuyanqing向服务端发送了一条消息，Msg:Ping,Type:2
2021/08/07 19:10:22 INFO:用户wuyanqing收到一条消息，Msg:Pong,Type:2
2021/08/07 19:10:25 INFO:用户wuyanqing向服务端发送了一条消息，Msg:Ping,Type:2
2021/08/07 19:10:25 INFO:用户wuyanqing向服务端发送了一条消息，Msg:是我，你爹！快打钱！,Type:5
2021/08/07 19:10:25 INFO:用户wuyanqing收到一条消息，Msg:Pong,Type:2
2021/08/07 19:10:25 INFO:用户wuyanqing收到一条消息，Msg:wuyanqing
,Type:5
2021/08/07 19:10:28 INFO:用户wuyanqing向服务端发送了一条消息，Msg:Ping,Type:2
2021/08/07 19:10:28 INFO:用户wuyanqing收到一条消息，Msg:Pong,Type:2
2021/08/07 19:10:29 INFO:用户wuyanqing向服务端发送了一条消息，Msg:是我，你爹！快打钱！,Type:5
2021/08/07 19:10:29 INFO:用户wuyanqing收到一条消息，Msg:wuyanqing
,Type:5
2021/08/07 19:10:31 INFO:用户wuyanqing向服务端发送了一条消息，Msg:Ping,Type:2
2021/08/07 19:10:31 INFO:用户wuyanqing收到一条消息，Msg:Pong,Type:2
2021/08/07 19:10:33 INFO:用户wuyanqing向服务端发送了一条消息，Msg:是我，你爹！快打钱！,Type:5
2021/08/07 19:10:33 INFO:用户wuyanqing收到一条消息，Msg:wuyanqing
,Type:5
2021/08/07 19:10:34 INFO:用户wuyanqing向服务端发送了一条消息，Msg:Ping,Type:2
2021/08/07 19:10:34 INFO:用户wuyanqing收到一条消息，Msg:Pong,Type:2
2021/08/07 19:10:37 INFO:用户wuyanqing向服务端发送了一条消息，Msg:Ping,Type:2
2021/08/07 19:10:37 INFO:用户wuyanqing向服务端发送了一条消息，Msg:是我，你爹！快打钱！,Type:5
2021/08/07 19:10:37 INFO:用户wuyanqing收到一条消息，Msg:Pong,Type:2
2021/08/07 19:10:37 INFO:用户wuyanqing收到一条消息，Msg:wuyanqing
,Type:5
2021/08/07 19:10:40 INFO:用户wuyanqing向服务端发送了一条消息，Msg:Ping,Type:2
2021/08/07 19:10:40 INFO:用户wuyanqing收到一条消息，Msg:Pong,Type:2
2021/08/07 19:10:41 INFO:用户wuyanqing向服务端发送了一条消息，Msg:是我，你爹！快打钱！,Type:5
2021/08/07 19:10:41 INFO:用户wuyanqing收到一条消息，Msg:wuyanqing
,Type:5
2021/08/07 19:10:43 INFO:用户wuyanqing向服务端发送了一条消息，Msg:Ping,Type:2
2021/08/07 19:10:43 INFO:用户wuyanqing收到一条消息，Msg:Pong,Type:2
2021/08/07 19:10:45 INFO:用户wuyanqing向服务端发送了一条消息，Msg:是我，你爹！快打钱！,Type:5
2021/08/07 19:10:45 INFO:用户wuyanqing收到一条消息，Msg:wuyanqing
,Type:5
2021/08/07 19:10:46 INFO:用户wuyanqing向服务端发送了一条消息，Msg:Ping,Type:2
2021/08/07 19:10:46 INFO:用户wuyanqing收到一条消息，Msg:Pong,Type:2
2021/08/07 19:10:49 INFO:用户wuyanqing向服务端发送了一条消息，Msg:Ping,Type:2
2021/08/07 19:10:49 INFO:用户wuyanqing向服务端发送了一条消息，Msg:是我，你爹！快打钱！,Type:5
2021/08/07 19:10:49 INFO:用户wuyanqing收到一条消息，Msg:Pong,Type:2
2021/08/07 19:10:49 INFO:用户wuyanqing收到一条消息，Msg:wuyanqing
,Type:5
2021/08/07 19:10:52 INFO:用户wuyanqing向服务端发送了一条消息，Msg:Ping,Type:2
2021/08/07 19:10:52 INFO:用户wuyanqing收到一条消息，Msg:Pong,Type:2
2021/08/07 19:10:53 INFO:用户wuyanqing向服务端发送了一条消息，Msg:是我，你爹！快打钱！,Type:5
2021/08/07 19:10:53 INFO:用户wuyanqing收到一条消息，Msg:wuyanqing
,Type:5
2021/08/07 19:10:55 INFO:用户wuyanqing向服务端发送了一条消息，Msg:Ping,Type:2
2021/08/07 19:10:55 INFO:用户wuyanqing收到一条消息，Msg:Pong,Type:2
2021/08/07 19:10:57 INFO:用户wuyanqing向服务端发送了一条消息，Msg:是我，你爹！快打钱！,Type:5
2021/08/07 19:10:57 INFO:用户wuyanqing收到一条消息，Msg:wuyanqing
,Type:5
2021/08/07 19:10:58 INFO:用户wuyanqing向服务端发送了一条消息，Msg:Ping,Type:2
2021/08/07 19:10:58 INFO:用户wuyanqing收到一条消息，Msg:Pong,Type:2
2021/08/07 19:11:01 INFO:用户wuyanqing向服务端发送了一条消息，Msg:是我，你爹！快打钱！,Type:5
2021/08/07 19:11:01 INFO:用户wuyanqing向服务端发送了一条消息，Msg:Ping,Type:2
2021/08/07 19:11:01 INFO:用户wuyanqing收到一条消息，Msg:wuyanqing
,Type:5
2021/08/07 19:11:01 INFO:用户wuyanqing收到一条消息，Msg:Pong,Type:2
2021/08/07 19:11:04 INFO:用户wuyanqing向服务端发送了一条消息，Msg:Ping,Type:2
2021/08/07 19:11:04 INFO:用户wuyanqing收到一条消息，Msg:Pong,Type:2
2021/08/07 19:11:05 INFO:用户wuyanqing向服务端发送了一条消息，Msg:是我，你爹！快打钱！,Type:5
2021/08/07 19:11:05 INFO:用户wuyanqing收到一条消息，Msg:wuyanqing
,Type:5
2021/08/07 19:11:07 INFO:用户wuyanqing向服务端发送了一条消息，Msg:Ping,Type:2
2021/08/07 19:11:07 INFO:用户wuyanqing收到一条消息，Msg:Pong,Type:2
2021/08/07 19:11:09 INFO:用户wuyanqing向服务端发送了一条消息，Msg:是我，你爹！快打钱！,Type:5
2021/08/07 19:11:09 INFO:用户wuyanqing收到一条消息，Msg:wuyanqing
,Type:5
2021/08/07 19:11:10 INFO:用户wuyanqing向服务端发送了一条消息，Msg:Ping,Type:2
2021/08/07 19:11:10 INFO:用户wuyanqing收到一条消息，Msg:Pong,Type:2
2021/08/07 19:11:13 INFO:用户wuyanqing向服务端发送了一条消息，Msg:Ping,Type:2
2021/08/07 19:11:13 INFO:用户wuyanqing向服务端发送了一条消息，Msg:是我，你爹！快打钱！,Type:5
2021/08/07 19:11:13 INFO:用户wuyanqing收到一条消息，Msg:Pong,Type:2
2021/08/07 19:11:13 INFO:用户wuyanqing收到一条消息，Msg:wuyanqing
,Type:5
2021/08/07 19:11:16 INFO:用户wuyanqing向服务端发送了一条消息，Msg:Ping,Type:2
2021/08/07 19:11:16 INFO:用户wuyanqing收到一条消息，Msg:Pong,Type:2
2021/08/07 19:11:17 INFO:用户wuyanqing向服务端发送了一条消息，Msg:是我，你爹！快打钱！,Type:5
2021/08/07 19:11:17 INFO:用户wuyanqing收到一条消息，Msg:wuyanqing
,Type:5
2021/08/07 19:11:19 INFO:用户wuyanqing向服务端发送了一条消息，Msg:Ping,Type:2
2021/08/07 19:11:19 INFO:用户wuyanqing收到一条消息，Msg:Pong,Type:2
2021/08/07 19:11:21 INFO:用户wuyanqing向服务端发送了一条消息，Msg:是我，你爹！快打钱！,Type:5
2021/08/07 19:11:21 INFO:用户wuyanqing收到一条消息，Msg:wuyanqing
,Type:5
2021/08/07 19:11:22 INFO:用户wuyanqing向服务端发送了一条消息，Msg:Ping,Type:2
2021/08/07 19:11:22 INFO:用户wuyanqing收到一条消息，Msg:Pong,Type:2
2021/08/07 19:11:25 INFO:用户wuyanqing向服务端发送了一条消息，Msg:是我，你爹！快打钱！,Type:5
2021/08/07 19:11:25 INFO:用户wuyanqing向服务端发送了一条消息，Msg:Ping,Type:2
2021/08/07 19:11:25 INFO:用户wuyanqing收到一条消息，Msg:wuyanqing
,Type:5
2021/08/07 19:11:25 INFO:用户wuyanqing收到一条消息，Msg:Pong,Type:2
2021/08/07 19:11:28 INFO:用户wuyanqing向服务端发送了一条消息，Msg:Ping,Type:2
2021/08/07 19:11:28 INFO:用户wuyanqing收到一条消息，Msg:Pong,Type:2
2021/08/07 19:11:29 INFO:用户wuyanqing向服务端发送了一条消息，Msg:是我，你爹！快打钱！,Type:5
2021/08/07 19:11:29 INFO:用户wuyanqing收到一条消息，Msg:wuyanqing
,Type:5
2021/08/07 19:11:31 INFO:用户wuyanqing向服务端发送了一条消息，Msg:Ping,Type:2
2021/08/07 19:11:31 INFO:用户wuyanqing收到一条消息，Msg:Pong,Type:2
2021/08/07 19:11:33 INFO:用户wuyanqing向服务端发送了一条消息，Msg:是我，你爹！快打钱！,Type:5
2021/08/07 19:11:33 INFO:用户wuyanqing收到一条消息，Msg:wuyanqing
,Type:5
2021/08/07 19:11:34 INFO:用户wuyanqing向服务端发送了一条消息，Msg:Ping,Type:2
2021/08/07 19:11:34 INFO:用户wuyanqing收到一条消息，Msg:Pong,Type:2
2021/08/07 19:11:37 INFO:用户wuyanqing向服务端发送了一条消息，Msg:是我，你爹！快打钱！,Type:5
2021/08/07 19:11:37 INFO:用户wuyanqing向服务端发送了一条消息，Msg:Ping,Type:2
2021/08/07 19:11:37 INFO:用户wuyanqing收到一条消息，Msg:wuyanqing
,Type:5
2021/08/07 19:11:37 INFO:用户wuyanqing收到一条消息，Msg:Pong,Type:2
2021/08/07 19:11:40 INFO:用户wuyanqing向服务端发送了一条消息，Msg:Ping,Type:2
2021/08/07 19:11:40 INFO:用户wuyanqing收到一条消息，Msg:Pong,Type:2
2021/08/07 19:11:41 INFO:用户wuyanqing向服务端发送了一条消息，Msg:是我，你爹！快打钱！,Type:5
2021/08/07 19:11:41 INFO:用户wuyanqing收到一条消息，Msg:wuyanqing
,Type:5
2021/08/07 19:11:43 INFO:用户wuyanqing向服务端发送了一条消息，Msg:Ping,Type:2
2021/08/07 19:11:43 INFO:用户wuyanqing收到一条消息，Msg:Pong,Type:2
2021/08/07 19:11:45 INFO:用户wuyanqing向服务端发送了一条消息，Msg:是我，你爹！快打钱！,Type:5
2021/08/07 19:11:45 INFO:用户wuyanqing收到一条消息，Msg:wuyanqing
,Type:5
2021/08/07 19:11:46 INFO:用户wuyanqing向服务端发送了一条消息，Msg:Ping,Type:2
2021/08/07 19:11:46 INFO:用户wuyanqing收到一条消息，Msg:Pong,Type:2
2021/08/07 19:11:49 INFO:用户wuyanqing向服务端发送了一条消息，Msg:是我，你爹！快打钱！,Type:5
2021/08/07 19:11:49 INFO:用户wuyanqing向服务端发送了一条消息，Msg:Ping,Type:2
2021/08/07 19:11:49 INFO:用户wuyanqing收到一条消息，Msg:wuyanqing
,Type:5
2021/08/07 19:11:49 INFO:用户wuyanqing收到一条消息，Msg:Pong,Type:2
2021/08/07 19:11:52 INFO:用户wuyanqing向服务端发送了一条消息，Msg:Ping,Type:2
2021/08/07 19:11:52 INFO:用户wuyanqing收到一条消息，Msg:Pong,Type:2
2021/08/07 19:11:53 INFO:用户wuyanqing向服务端发送了一条消息，Msg:是我，你爹！快打钱！,Type:5
2021/08/07 19:11:53 INFO:用户wuyanqing收到一条消息，Msg:wuyanqing
,Type:5
2021/08/07 19:11:55 INFO:用户wuyanqing向服务端发送了一条消息，Msg:Ping,Type:2
2021/08/07 19:11:55 INFO:用户wuyanqing收到一条消息，Msg:Pong,Type:2
2021/08/07 19:11:57 INFO:用户wuyanqing向服务端发送了一条消息，Msg:是我，你爹！快打钱！,Type:5
2021/08/07 19:11:57 INFO:用户wuyanqing收到一条消息，Msg:wuyanqing
,Type:5
2021/08/07 19:11:58 INFO:用户wuyanqing向服务端发送了一条消息，Msg:Ping,Type:2
2021/08/07 19:11:58 INFO:用户wuyanqing收到一条消息，Msg:Pong,Type:2
2021/08/07 19:12:01 INFO:用户wuyanqing向服务端发送了一条消息，Msg:Ping,Type:2
2021/08/07 19:12:01 INFO:用户wuyanqing向服务端发送了一条消息，Msg:是我，你爹！快打钱！,Type:5
2021/08/07 19:12:01 INFO:用户wuyanqing收到一条消息，Msg:Pong,Type:2
2021/08/07 19:12:01 INFO:用户wuyanqing收到一条消息，Msg:wuyanqing
,Type:5
2021/08/07 19:12:04 INFO:用户wuyanqing向服务端发送了一条消息，Msg:Ping,Type:2
2021/08/07 19:12:04 INFO:用户wuyanqing收到一条消息，Msg:Pong,Type:2
2021/08/07 19:12:05 INFO:用户wuyanqing向服务端发送了一条消息，Msg:是我，你爹！快打钱！,Type:5
2021/08/07 19:12:05 INFO:用户wuyanqing收到一条消息，Msg:wuyanqing
,Type:5
2021/08/07 19:12:07 INFO:用户wuyanqing向服务端发送了一条消息，Msg:Ping,Type:2
2021/08/07 19:12:07 INFO:用户wuyanqing收到一条消息，Msg:Pong,Type:2
2021/08/07 19:12:09 INFO:用户wuyanqing向服务端发送了一条消息，Msg:是我，你爹！快打钱！,Type:5
2021/08/07 19:12:09 INFO:用户wuyanqing收到一条消息，Msg:wuyanqing
,Type:5
2021/08/07 19:12:10 INFO:用户wuyanqing向服务端发送了一条消息，Msg:Ping,Type:2
2021/08/07 19:12:10 INFO:用户wuyanqing收到一条消息，Msg:Pong,Type:2
2021/08/07 19:12:13 INFO:用户wuyanqing向服务端发送了一条消息，Msg:Ping,Type:2
2021/08/07 19:12:13 INFO:用户wuyanqing向服务端发送了一条消息，Msg:是我，你爹！快打钱！,Type:5
2021/08/07 19:12:13 INFO:用户wuyanqing收到一条消息，Msg:Pong,Type:2
2021/08/07 19:12:13 INFO:用户wuyanqing收到一条消息，Msg:wuyanqing
,Type:5
2021/08/07 19:12:16 INFO:用户wuyanqing向服务端发送了一条消息，Msg:Ping,Type:2
2021/08/07 19:12:16 INFO:用户wuyanqing收到一条消息，Msg:Pong,Type:2
2021/08/07 19:12:17 INFO:用户wuyanqing向服务端发送了一条消息，Msg:是我，你爹！快打钱！,Type:5
2021/08/07 19:12:17 INFO:用户wuyanqing收到一条消息，Msg:wuyanqing
,Type:5
2021/08/07 19:12:19 INFO:用户wuyanqing向服务端发送了一条消息，Msg:Ping,Type:2
2021/08/07 19:12:19 INFO:用户wuyanqing收到一条消息，Msg:Pong,Type:2
2021/08/07 19:12:21 INFO:用户wuyanqing向服务端发送了一条消息，Msg:是我，你爹！快打钱！,Type:5
2021/08/07 19:12:21 INFO:用户wuyanqing收到一条消息，Msg:wuyanqing
,Type:5
2021/08/07 19:12:22 INFO:用户wuyanqing向服务端发送了一条消息，Msg:Ping,Type:2
2021/08/07 19:12:22 INFO:用户wuyanqing收到一条消息，Msg:Pong,Type:2
2021/08/07 19:12:25 INFO:用户wuyanqing向服务端发送了一条消息，Msg:Ping,Type:2
2021/08/07 19:12:25 INFO:用户wuyanqing向服务端发送了一条消息，Msg:是我，你爹！快打钱！,Type:5
2021/08/07 19:12:25 INFO:用户wuyanqing收到一条消息，Msg:Pong,Type:2
2021/08/07 19:12:25 INFO:用户wuyanqing收到一条消息，Msg:wuyanqing
,Type:5
2021/08/07 19:12:28 INFO:用户wuyanqing向服务端发送了一条消息，Msg:Ping,Type:2
2021/08/07 19:12:28 INFO:用户wuyanqing收到一条消息，Msg:Pong,Type:2
2021/08/07 19:12:29 INFO:用户wuyanqing向服务端发送了一条消息，Msg:是我，你爹！快打钱！,Type:5
2021/08/07 19:12:29 INFO:用户wuyanqing收到一条消息，Msg:wuyanqing
,Type:5
2021/08/07 19:12:31 INFO:用户wuyanqing向服务端发送了一条消息，Msg:Ping,Type:2
2021/08/07 19:12:31 INFO:用户wuyanqing收到一条消息，Msg:Pong,Type:2
2021/08/07 19:12:33 INFO:用户wuyanqing向服务端发送了一条消息，Msg:是我，你爹！快打钱！,Type:5
2021/08/07 19:12:33 INFO:用户wuyanqing收到一条消息，Msg:wuyanqing
,Type:5
2021/08/07 19:12:34 INFO:用户wuyanqing向服务端发送了一条消息，Msg:Ping,Type:2
2021/08/07 19:12:34 INFO:用户wuyanqing收到一条消息，Msg:Pong,Type:2
2021/08/07 19:12:37 INFO:用户wuyanqing向服务端发送了一条消息，Msg:Ping,Type:2
2021/08/07 19:12:37 INFO:用户wuyanqing向服务端发送了一条消息，Msg:是我，你爹！快打钱！,Type:5
2021/08/07 19:12:37 INFO:用户wuyanqing收到一条消息，Msg:Pong,Type:2
2021/08/07 19:12:37 INFO:用户wuyanqing收到一条消息，Msg:wuyanqing
,Type:5
2021/08/07 19:12:40 INFO:用户wuyanqing向服务端发送了一条消息，Msg:Ping,Type:2
2021/08/07 19:12:40 INFO:用户wuyanqing收到一条消息，Msg:Pong,Type:2
2021/08/07 19:12:41 INFO:用户wuyanqing向服务端发送了一条消息，Msg:是我，你爹！快打钱！,Type:5
2021/08/07 19:12:41 INFO:用户wuyanqing收到一条消息，Msg:wuyanqing
,Type:5
2021/08/07 19:12:43 INFO:用户wuyanqing向服务端发送了一条消息，Msg:Ping,Type:2
2021/08/07 19:12:43 INFO:用户wuyanqing收到一条消息，Msg:Pong,Type:2
2021/08/07 19:12:45 INFO:用户wuyanqing向服务端发送了一条消息，Msg:是我，你爹！快打钱！,Type:5
2021/08/07 19:12:45 INFO:用户wuyanqing收到一条消息，Msg:wuyanqing
,Type:5
2021/08/07 19:12:46 INFO:用户wuyanqing向服务端发送了一条消息，Msg:Ping,Type:2
2021/08/07 19:12:46 INFO:用户wuyanqing收到一条消息，Msg:Pong,Type:2
2021/08/07 19:12:49 INFO:用户wuyanqing向服务端发送了一条消息，Msg:是我，你爹！快打钱！,Type:5
2021/08/07 19:12:49 INFO:用户wuyanqing向服务端发送了一条消息，Msg:Ping,Type:2
2021/08/07 19:12:49 INFO:用户wuyanqing收到一条消息，Msg:wuyanqing
,Type:5
2021/08/07 19:12:49 INFO:用户wuyanqing收到一条消息，Msg:Pong,Type:2
2021/08/07 19:12:52 INFO:用户wuyanqing向服务端发送了一条消息，Msg:Ping,Type:2
2021/08/07 19:12:52 INFO:用户wuyanqing收到一条消息，Msg:Pong,Type:2
2021/08/07 19:12:53 INFO:用户wuyanqing向服务端发送了一条消息，Msg:是我，你爹！快打钱！,Type:5
2021/08/07 19:12:53 INFO:用户wuyanqing收到一条消息，Msg:wuyanqing
,Type:5
2021/08/07 19:12:55 INFO:用户wuyanqing向服务端发送了一条消息，Msg:Ping,Type:2
2021/08/07 19:12:55 INFO:用户wuyanqing收到一条消息，Msg:Pong,Type:2
2021/08/07 19:12:57 INFO:用户wuyanqing向服务端发送了一条消息，Msg:是我，你爹！快打钱！,Type:5
2021/08/07 19:12:57 INFO:用户wuyanqing收到一条消息，Msg:wuyanqing
,Type:5
2021/08/07 19:12:58 INFO:用户wuyanqing向服务端发送了一条消息，Msg:Ping,Type:2
2021/08/07 19:12:58 INFO:用户wuyanqing收到一条消息，Msg:Pong,Type:2
2021/08/07 19:13:01 INFO:用户wuyanqing向服务端发送了一条消息，Msg:是我，你爹！快打钱！,Type:5
2021/08/07 19:13:01 INFO:用户wuyanqing向服务端发送了一条消息，Msg:Ping,Type:2
2021/08/07 19:13:01 INFO:用户wuyanqing收到一条消息，Msg:wuyanqing
,Type:5
2021/08/07 19:13:01 INFO:用户wuyanqing收到一条消息，Msg:Pong,Type:2
2021/08/07 19:13:04 INFO:用户wuyanqing向服务端发送了一条消息，Msg:Ping,Type:2
2021/08/07 19:13:04 INFO:用户wuyanqing收到一条消息，Msg:Pong,Type:2
2021/08/07 19:13:05 INFO:用户wuyanqing向服务端发送了一条消息，Msg:是我，你爹！快打钱！,Type:5
2021/08/07 19:13:05 INFO:用户wuyanqing收到一条消息，Msg:wuyanqing
,Type:5
2021/08/07 19:13:07 INFO:用户wuyanqing向服务端发送了一条消息，Msg:Ping,Type:2
2021/08/07 19:13:07 INFO:用户wuyanqing收到一条消息，Msg:Pong,Type:2
2021/08/07 19:13:09 INFO:用户wuyanqing向服务端发送了一条消息，Msg:是我，你爹！快打钱！,Type:5
2021/08/07 19:13:09 INFO:用户wuyanqing收到一条消息，Msg:wuyanqing
,Type:5
2021/08/07 19:13:10 INFO:用户wuyanqing向服务端发送了一条消息，Msg:Ping,Type:2
2021/08/07 19:13:10 INFO:用户wuyanqing收到一条消息，Msg:Pong,Type:2
2021/08/07 19:13:13 INFO:用户wuyanqing向服务端发送了一条消息，Msg:Ping,Type:2
2021/08/07 19:13:13 INFO:用户wuyanqing向服务端发送了一条消息，Msg:是我，你爹！快打钱！,Type:5
2021/08/07 19:13:13 INFO:用户wuyanqing收到一条消息，Msg:Pong,Type:2
2021/08/07 19:13:13 INFO:用户wuyanqing收到一条消息，Msg:wuyanqing
,Type:5
2021/08/07 19:13:16 INFO:用户wuyanqing向服务端发送了一条消息，Msg:Ping,Type:2
2021/08/07 19:13:16 INFO:用户wuyanqing收到一条消息，Msg:Pong,Type:2
2021/08/07 19:13:17 INFO:用户wuyanqing向服务端发送了一条消息，Msg:是我，你爹！快打钱！,Type:5
2021/08/07 19:13:17 INFO:用户wuyanqing收到一条消息，Msg:wuyanqing
,Type:5
2021/08/07 19:13:19 INFO:用户wuyanqing向服务端发送了一条消息，Msg:Ping,Type:2
2021/08/07 19:13:19 INFO:用户wuyanqing收到一条消息，Msg:Pong,Type:2
2021/08/07 19:13:21 INFO:用户wuyanqing向服务端发送了一条消息，Msg:是我，你爹！快打钱！,Type:5
2021/08/07 19:13:21 INFO:用户wuyanqing收到一条消息，Msg:wuyanqing
,Type:5
2021/08/07 19:13:22 INFO:用户wuyanqing向服务端发送了一条消息，Msg:Ping,Type:2
2021/08/07 19:13:22 INFO:用户wuyanqing收到一条消息，Msg:Pong,Type:2
2021/08/07 19:13:25 INFO:用户wuyanqing向服务端发送了一条消息，Msg:Ping,Type:2
2021/08/07 19:13:25 INFO:用户wuyanqing向服务端发送了一条消息，Msg:是我，你爹！快打钱！,Type:5
2021/08/07 19:13:25 INFO:用户wuyanqing收到一条消息，Msg:Pong,Type:2
2021/08/07 19:13:25 INFO:用户wuyanqing收到一条消息，Msg:wuyanqing
,Type:5
2021/08/07 19:13:28 INFO:用户wuyanqing向服务端发送了一条消息，Msg:Ping,Type:2
2021/08/07 19:13:28 INFO:用户wuyanqing收到一条消息，Msg:Pong,Type:2
2021/08/07 19:13:29 INFO:用户wuyanqing向服务端发送了一条消息，Msg:是我，你爹！快打钱！,Type:5
2021/08/07 19:13:29 INFO:用户wuyanqing收到一条消息，Msg:wuyanqing
,Type:5
2021/08/07 19:13:31 INFO:用户wuyanqing向服务端发送了一条消息，Msg:Ping,Type:2
2021/08/07 19:13:31 INFO:用户wuyanqing收到一条消息，Msg:Pong,Type:2
2021/08/07 19:13:33 INFO:用户wuyanqing向服务端发送了一条消息，Msg:是我，你爹！快打钱！,Type:5
2021/08/07 19:13:33 INFO:用户wuyanqing收到一条消息，Msg:wuyanqing
,Type:5
2021/08/07 19:13:34 INFO:用户wuyanqing向服务端发送了一条消息，Msg:Ping,Type:2
2021/08/07 19:13:34 INFO:用户wuyanqing收到一条消息，Msg:Pong,Type:2
2021/08/07 19:13:37 INFO:用户wuyanqing向服务端发送了一条消息，Msg:Ping,Type:2
2021/08/07 19:13:37 INFO:用户wuyanqing向服务端发送了一条消息，Msg:是我，你爹！快打钱！,Type:5
2021/08/07 19:13:37 INFO:用户wuyanqing收到一条消息，Msg:Pong,Type:2
2021/08/07 19:13:37 INFO:用户wuyanqing收到一条消息，Msg:wuyanqing
,Type:5
2021/08/07 19:13:40 INFO:用户wuyanqing向服务端发送了一条消息，Msg:Ping,Type:2
2021/08/07 19:13:40 INFO:用户wuyanqing收到一条消息，Msg:Pong,Type:2
2021/08/07 19:13:41 INFO:用户wuyanqing向服务端发送了一条消息，Msg:是我，你爹！快打钱！,Type:5
2021/08/07 19:13:41 INFO:用户wuyanqing收到一条消息，Msg:wuyanqing
,Type:5
2021/08/07 19:13:43 INFO:用户wuyanqing向服务端发送了一条消息，Msg:Ping,Type:2
2021/08/07 19:13:43 INFO:用户wuyanqing收到一条消息，Msg:Pong,Type:2
2021/08/07 19:13:45 INFO:用户wuyanqing向服务端发送了一条消息，Msg:是我，你爹！快打钱！,Type:5
2021/08/07 19:13:45 INFO:用户wuyanqing收到一条消息，Msg:wuyanqing
,Type:5
2021/08/07 19:13:46 INFO:用户wuyanqing向服务端发送了一条消息，Msg:Ping,Type:2
2021/08/07 19:13:46 INFO:用户wuyanqing收到一条消息，Msg:Pong,Type:2
2021/08/07 19:13:49 INFO:用户wuyanqing向服务端发送了一条消息，Msg:是我，你爹！快打钱！,Type:5
2021/08/07 19:13:49 INFO:用户wuyanqing向服务端发送了一条消息，Msg:Ping,Type:2
2021/08/07 19:13:49 INFO:用户wuyanqing收到一条消息，Msg:wuyanqing
,Type:5
2021/08/07 19:13:49 INFO:用户wuyanqing收到一条消息，Msg:Pong,Type:2
2021/08/07 19:13:52 INFO:用户wuyanqing向服务端发送了一条消息，Msg:Ping,Type:2
2021/08/07 19:13:52 INFO:用户wuyanqing收到一条消息，Msg:Pong,Type:2
2021/08/07 19:13:53 INFO:用户wuyanqing向服务端发送了一条消息，Msg:是我，你爹！快打钱！,Type:5
2021/08/07 19:13:53 INFO:用户wuyanqing收到一条消息，Msg:wuyanqing
,Type:5
2021/08/07 19:13:55 INFO:用户wuyanqing向服务端发送了一条消息，Msg:Ping,Type:2
2021/08/07 19:13:55 INFO:用户wuyanqing收到一条消息，Msg:Pong,Type:2
2021/08/07 19:13:57 INFO:用户wuyanqing向服务端发送了一条消息，Msg:是我，你爹！快打钱！,Type:5
2021/08/07 19:13:57 INFO:用户wuyanqing收到一条消息，Msg:wuyanqing
,Type:5
2021/08/07 19:13:58 INFO:用户wuyanqing向服务端发送了一条消息，Msg:Ping,Type:2
2021/08/07 19:13:58 INFO:用户wuyanqing收到一条消息，Msg:Pong,Type:2
2021/08/07 19:14:01 INFO:用户wuyanqing向服务端发送了一条消息，Msg:Ping,Type:2
2021/08/07 19:14:01 INFO:用户wuyanqing向服务端发送了一条消息，Msg:是我，你爹！快打钱！,Type:5
2021/08/07 19:14:01 INFO:用户wuyanqing收到一条消息，Msg:Pong,Type:2
2021/08/07 19:14:01 INFO:用户wuyanqing收到一条消息，Msg:wuyanqing
,Type:5
2021/08/07 19:14:04 INFO:用户wuyanqing向服务端发送了一条消息，Msg:Ping,Type:2
2021/08/07 19:14:04 INFO:用户wuyanqing收到一条消息，Msg:Pong,Type:2
2021/08/07 19:14:05 INFO:用户wuyanqing向服务端发送了一条消息，Msg:是我，你爹！快打钱！,Type:5
2021/08/07 19:14:05 INFO:用户wuyanqing收到一条消息，Msg:wuyanqing
,Type:5
2021/08/07 19:14:07 INFO:用户wuyanqing向服务端发送了一条消息，Msg:Ping,Type:2
2021/08/07 19:14:07 INFO:用户wuyanqing收到一条消息，Msg:Pong,Type:2
2021/08/07 19:14:09 INFO:用户wuyanqing向服务端发送了一条消息，Msg:是我，你爹！快打钱！,Type:5
2021/08/07 19:14:09 INFO:用户wuyanqing收到一条消息，Msg:wuyanqing
,Type:5
2021/08/07 19:14:10 INFO:用户wuyanqing向服务端发送了一条消息，Msg:Ping,Type:2
2021/08/07 19:14:10 INFO:用户wuyanqing收到一条消息，Msg:Pong,Type:2
2021/08/07 19:14:13 INFO:用户wuyanqing向服务端发送了一条消息，Msg:是我，你爹！快打钱！,Type:5
2021/08/07 19:14:13 INFO:用户wuyanqing向服务端发送了一条消息，Msg:Ping,Type:2
2021/08/07 19:14:13 INFO:用户wuyanqing收到一条消息，Msg:wuyanqing
,Type:5
2021/08/07 19:14:13 INFO:用户wuyanqing收到一条消息，Msg:Pong,Type:2
2021/08/07 19:14:16 INFO:用户wuyanqing向服务端发送了一条消息，Msg:Ping,Type:2
2021/08/07 19:14:16 INFO:用户wuyanqing收到一条消息，Msg:Pong,Type:2
2021/08/07 19:14:17 INFO:用户wuyanqing向服务端发送了一条消息，Msg:是我，你爹！快打钱！,Type:5
2021/08/07 19:14:17 INFO:用户wuyanqing收到一条消息，Msg:wuyanqing
,Type:5
2021/08/07 19:14:19 INFO:用户wuyanqing向服务端发送了一条消息，Msg:Ping,Type:2
2021/08/07 19:14:19 INFO:用户wuyanqing收到一条消息，Msg:Pong,Type:2
2021/08/07 19:14:21 INFO:用户wuyanqing向服务端发送了一条消息，Msg:是我，你爹！快打钱！,Type:5
2021/08/07 19:14:21 INFO:用户wuyanqing收到一条消息，Msg:wuyanqing
,Type:5
2021/08/07 19:14:22 INFO:用户wuyanqing向服务端发送了一条消息，Msg:Ping,Type:2
2021/08/07 19:14:22 INFO:用户wuyanqing收到一条消息，Msg:Pong,Type:2
2021/08/07 19:14:25 INFO:用户wuyanqing向服务端发送了一条消息，Msg:Ping,Type:2
2021/08/07 19:14:25 INFO:用户wuyanqing向服务端发送了一条消息，Msg:是我，你爹！快打钱！,Type:5
2021/08/07 19:14:25 INFO:用户wuyanqing收到一条消息，Msg:Pong,Type:2
2021/08/07 19:14:25 INFO:用户wuyanqing收到一条消息，Msg:wuyanqing
,Type:5
2021/08/07 19:14:28 INFO:用户wuyanqing向服务端发送了一条消息，Msg:Ping,Type:2
2021/08/07 19:14:28 INFO:用户wuyanqing收到一条消息，Msg:Pong,Type:2
2021/08/07 19:14:29 INFO:用户wuyanqing向服务端发送了一条消息，Msg:是我，你爹！快打钱！,Type:5
2021/08/07 19:14:29 INFO:用户wuyanqing收到一条消息，Msg:wuyanqing
,Type:5
2021/08/07 19:14:31 INFO:用户wuyanqing向服务端发送了一条消息，Msg:Ping,Type:2
2021/08/07 19:14:31 INFO:用户wuyanqing收到一条消息，Msg:Pong,Type:2
2021/08/07 19:14:33 INFO:用户wuyanqing向服务端发送了一条消息，Msg:是我，你爹！快打钱！,Type:5
2021/08/07 19:14:33 INFO:用户wuyanqing收到一条消息，Msg:wuyanqing
,Type:5
2021/08/07 19:14:34 INFO:用户wuyanqing向服务端发送了一条消息，Msg:Ping,Type:2
2021/08/07 19:14:34 INFO:用户wuyanqing收到一条消息，Msg:Pong,Type:2
2021/08/07 19:14:37 INFO:用户wuyanqing向服务端发送了一条消息，Msg:是我，你爹！快打钱！,Type:5
2021/08/07 19:14:37 INFO:用户wuyanqing向服务端发送了一条消息，Msg:Ping,Type:2
2021/08/07 19:14:37 INFO:用户wuyanqing收到一条消息，Msg:wuyanqing
,Type:5
2021/08/07 19:14:37 INFO:用户wuyanqing收到一条消息，Msg:Pong,Type:2
2021/08/07 19:14:40 INFO:用户wuyanqing向服务端发送了一条消息，Msg:Ping,Type:2
2021/08/07 19:14:40 INFO:用户wuyanqing收到一条消息，Msg:Pong,Type:2
2021/08/07 19:14:41 INFO:用户wuyanqing向服务端发送了一条消息，Msg:是我，你爹！快打钱！,Type:5
2021/08/07 19:14:41 INFO:用户wuyanqing收到一条消息，Msg:wuyanqing
,Type:5
2021/08/07 19:14:43 INFO:用户wuyanqing向服务端发送了一条消息，Msg:Ping,Type:2
2021/08/07 19:14:43 INFO:用户wuyanqing收到一条消息，Msg:Pong,Type:2
2021/08/07 19:14:45 INFO:用户wuyanqing向服务端发送了一条消息，Msg:是我，你爹！快打钱！,Type:5
2021/08/07 19:14:45 INFO:用户wuyanqing收到一条消息，Msg:wuyanqing
,Type:5
2021/08/07 19:14:46 INFO:用户wuyanqing向服务端发送了一条消息，Msg:Ping,Type:2
2021/08/07 19:14:46 INFO:用户wuyanqing收到一条消息，Msg:Pong,Type:2
2021/08/07 19:14:49 INFO:用户wuyanqing向服务端发送了一条消息，Msg:是我，你爹！快打钱！,Type:5
2021/08/07 19:14:49 INFO:用户wuyanqing向服务端发送了一条消息，Msg:Ping,Type:2
2021/08/07 19:14:49 INFO:用户wuyanqing收到一条消息，Msg:wuyanqing
,Type:5
2021/08/07 19:14:49 INFO:用户wuyanqing收到一条消息，Msg:Pong,Type:2
2021/08/07 19:14:52 INFO:用户wuyanqing向服务端发送了一条消息，Msg:Ping,Type:2
2021/08/07 19:14:52 INFO:用户wuyanqing收到一条消息，Msg:Pong,Type:2
2021/08/07 19:14:53 INFO:用户wuyanqing向服务端发送了一条消息，Msg:是我，你爹！快打钱！,Type:5
2021/08/07 19:14:53 INFO:用户wuyanqing收到一条消息，Msg:wuyanqing
,Type:5
2021/08/07 19:14:55 INFO:用户wuyanqing向服务端发送了一条消息，Msg:Ping,Type:2
2021/08/07 19:14:55 INFO:用户wuyanqing收到一条消息，Msg:Pong,Type:2
2021/08/07 19:14:57 INFO:用户wuyanqing向服务端发送了一条消息，Msg:是我，你爹！快打钱！,Type:5
2021/08/07 19:14:57 INFO:用户wuyanqing收到一条消息，Msg:wuyanqing
,Type:5
2021/08/07 19:14:58 INFO:用户wuyanqing向服务端发送了一条消息，Msg:Ping,Type:2
2021/08/07 19:14:58 INFO:用户wuyanqing收到一条消息，Msg:Pong,Type:2
2021/08/07 19:15:01 INFO:用户wuyanqing向服务端发送了一条消息，Msg:是我，你爹！快打钱！,Type:5
2021/08/07 19:15:01 INFO:用户wuyanqing向服务端发送了一条消息，Msg:Ping,Type:2
2021/08/07 19:15:01 INFO:用户wuyanqing收到一条消息，Msg:wuyanqing
,Type:5
2021/08/07 19:15:01 INFO:用户wuyanqing收到一条消息，Msg:Pong,Type:2
2021/08/07 19:15:04 INFO:用户wuyanqing向服务端发送了一条消息，Msg:Ping,Type:2
2021/08/07 19:15:04 INFO:用户wuyanqing收到一条消息，Msg:Pong,Type:2
2021/08/07 19:15:05 INFO:用户wuyanqing向服务端发送了一条消息，Msg:是我，你爹！快打钱！,Type:5
2021/08/07 19:15:05 INFO:用户wuyanqing收到一条消息，Msg:wuyanqing
,Type:5
2021/08/07 19:15:07 INFO:用户wuyanqing向服务端发送了一条消息，Msg:Ping,Type:2
2021/08/07 19:15:07 INFO:用户wuyanqing收到一条消息，Msg:Pong,Type:2
2021/08/07 19:15:09 INFO:用户wuyanqing向服务端发送了一条消息，Msg:是我，你爹！快打钱！,Type:5
2021/08/07 19:15:09 INFO:用户wuyanqing收到一条消息，Msg:wuyanqing
,Type:5
2021/08/07 19:15:10 INFO:用户wuyanqing向服务端发送了一条消息，Msg:Ping,Type:2
2021/08/07 19:15:10 INFO:用户wuyanqing收到一条消息，Msg:Pong,Type:2
2021/08/07 19:15:13 INFO:用户wuyanqing向服务端发送了一条消息，Msg:Ping,Type:2
2021/08/07 19:15:13 INFO:用户wuyanqing向服务端发送了一条消息，Msg:是我，你爹！快打钱！,Type:5
2021/08/07 19:15:13 INFO:用户wuyanqing收到一条消息，Msg:Pong,Type:2
2021/08/07 19:15:13 INFO:用户wuyanqing收到一条消息，Msg:wuyanqing
,Type:5
2021/08/07 19:15:16 INFO:用户wuyanqing向服务端发送了一条消息，Msg:Ping,Type:2
2021/08/07 19:15:16 INFO:用户wuyanqing收到一条消息，Msg:Pong,Type:2
2021/08/07 19:15:17 INFO:用户wuyanqing向服务端发送了一条消息，Msg:是我，你爹！快打钱！,Type:5
2021/08/07 19:15:17 INFO:用户wuyanqing收到一条消息，Msg:wuyanqing
,Type:5
2021/08/07 19:15:19 INFO:用户wuyanqing向服务端发送了一条消息，Msg:Ping,Type:2
2021/08/07 19:15:19 INFO:用户wuyanqing收到一条消息，Msg:Pong,Type:2
2021/08/07 19:15:21 INFO:用户wuyanqing向服务端发送了一条消息，Msg:是我，你爹！快打钱！,Type:5
2021/08/07 19:15:21 INFO:用户wuyanqing收到一条消息，Msg:wuyanqing
,Type:5
2021/08/07 19:15:22 INFO:用户wuyanqing向服务端发送了一条消息，Msg:Ping,Type:2
2021/08/07 19:15:22 INFO:用户wuyanqing收到一条消息，Msg:Pong,Type:2
2021/08/07 19:15:25 INFO:用户wuyanqing向服务端发送了一条消息，Msg:Ping,Type:2
2021/08/07 19:15:25 INFO:用户wuyanqing向服务端发送了一条消息，Msg:是我，你爹！快打钱！,Type:5
2021/08/07 19:15:25 INFO:用户wuyanqing收到一条消息，Msg:Pong,Type:2
2021/08/07 19:15:25 INFO:用户wuyanqing收到一条消息，Msg:wuyanqing
,Type:5
2021/08/07 19:15:28 INFO:用户wuyanqing向服务端发送了一条消息，Msg:Ping,Type:2
2021/08/07 19:15:28 INFO:用户wuyanqing收到一条消息，Msg:Pong,Type:2
2021/08/07 19:15:29 INFO:用户wuyanqing向服务端发送了一条消息，Msg:是我，你爹！快打钱！,Type:5
2021/08/07 19:15:29 INFO:用户wuyanqing收到一条消息，Msg:wuyanqing
,Type:5
2021/08/07 19:15:31 INFO:用户wuyanqing向服务端发送了一条消息，Msg:Ping,Type:2
2021/08/07 19:15:31 INFO:用户wuyanqing收到一条消息，Msg:Pong,Type:2
2021/08/07 19:15:33 INFO:用户wuyanqing向服务端发送了一条消息，Msg:是我，你爹！快打钱！,Type:5
2021/08/07 19:15:33 INFO:用户wuyanqing收到一条消息，Msg:wuyanqing
,Type:5
2021/08/07 19:15:34 INFO:用户wuyanqing向服务端发送了一条消息，Msg:Ping,Type:2
2021/08/07 19:15:34 INFO:用户wuyanqing收到一条消息，Msg:Pong,Type:2
2021/08/07 19:15:37 INFO:用户wuyanqing向服务端发送了一条消息，Msg:是我，你爹！快打钱！,Type:5
2021/08/07 19:15:37 INFO:用户wuyanqing向服务端发送了一条消息，Msg:Ping,Type:2
2021/08/07 19:15:37 INFO:用户wuyanqing收到一条消息，Msg:wuyanqing
,Type:5
2021/08/07 19:15:37 INFO:用户wuyanqing收到一条消息，Msg:Pong,Type:2
2021/08/07 19:15:40 INFO:用户wuyanqing向服务端发送了一条消息，Msg:Ping,Type:2
2021/08/07 19:15:40 INFO:用户wuyanqing收到一条消息，Msg:Pong,Type:2
2021/08/07 19:15:41 INFO:用户wuyanqing向服务端发送了一条消息，Msg:是我，你爹！快打钱！,Type:5
2021/08/07 19:15:41 INFO:用户wuyanqing收到一条消息，Msg:wuyanqing
,Type:5
2021/08/07 19:15:43 INFO:用户wuyanqing向服务端发送了一条消息，Msg:Ping,Type:2
2021/08/07 19:15:43 INFO:用户wuyanqing收到一条消息，Msg:Pong,Type:2
2021/08/07 19:15:45 INFO:用户wuyanqing向服务端发送了一条消息，Msg:是我，你爹！快打钱！,Type:5
2021/08/07 19:15:45 INFO:用户wuyanqing收到一条消息，Msg:wuyanqing
,Type:5
2021/08/07 19:15:46 INFO:用户wuyanqing向服务端发送了一条消息，Msg:Ping,Type:2
2021/08/07 19:15:46 INFO:用户wuyanqing收到一条消息，Msg:Pong,Type:2
2021/08/07 19:15:49 INFO:用户wuyanqing向服务端发送了一条消息，Msg:Ping,Type:2
2021/08/07 19:15:49 INFO:用户wuyanqing向服务端发送了一条消息，Msg:是我，你爹！快打钱！,Type:5
2021/08/07 19:15:49 INFO:用户wuyanqing收到一条消息，Msg:Pong,Type:2
2021/08/07 19:15:49 INFO:用户wuyanqing收到一条消息，Msg:wuyanqing
,Type:5
2021/08/07 19:15:52 INFO:用户wuyanqing向服务端发送了一条消息，Msg:Ping,Type:2
2021/08/07 19:15:52 INFO:用户wuyanqing收到一条消息，Msg:Pong,Type:2
2021/08/07 19:15:53 INFO:用户wuyanqing向服务端发送了一条消息，Msg:是我，你爹！快打钱！,Type:5
2021/08/07 19:15:53 INFO:用户wuyanqing收到一条消息，Msg:wuyanqing
,Type:5
2021/08/07 19:15:55 INFO:用户wuyanqing向服务端发送了一条消息，Msg:Ping,Type:2
2021/08/07 19:15:55 INFO:用户wuyanqing收到一条消息，Msg:Pong,Type:2
2021/08/07 19:15:57 INFO:用户wuyanqing向服务端发送了一条消息，Msg:是我，你爹！快打钱！,Type:5
2021/08/07 19:15:57 INFO:用户wuyanqing收到一条消息，Msg:wuyanqing
,Type:5
2021/08/07 19:15:58 INFO:用户wuyanqing向服务端发送了一条消息，Msg:Ping,Type:2
2021/08/07 19:15:58 INFO:用户wuyanqing收到一条消息，Msg:Pong,Type:2
2021/08/07 19:16:01 INFO:用户wuyanqing向服务端发送了一条消息，Msg:是我，你爹！快打钱！,Type:5
2021/08/07 19:16:01 INFO:用户wuyanqing向服务端发送了一条消息，Msg:Ping,Type:2
2021/08/07 19:16:01 INFO:用户wuyanqing收到一条消息，Msg:wuyanqing
,Type:5
2021/08/07 19:16:01 INFO:用户wuyanqing收到一条消息，Msg:Pong,Type:2
2021/08/07 19:16:04 INFO:用户wuyanqing向服务端发送了一条消息，Msg:Ping,Type:2
2021/08/07 19:16:04 INFO:用户wuyanqing收到一条消息，Msg:Pong,Type:2
2021/08/07 19:16:05 INFO:用户wuyanqing向服务端发送了一条消息，Msg:是我，你爹！快打钱！,Type:5
2021/08/07 19:16:05 INFO:用户wuyanqing收到一条消息，Msg:wuyanqing
,Type:5
2021/08/07 19:16:07 INFO:用户wuyanqing向服务端发送了一条消息，Msg:Ping,Type:2
2021/08/07 19:16:07 INFO:用户wuyanqing收到一条消息，Msg:Pong,Type:2
2021/08/07 19:16:09 INFO:用户wuyanqing向服务端发送了一条消息，Msg:是我，你爹！快打钱！,Type:5
2021/08/07 19:16:09 INFO:用户wuyanqing收到一条消息，Msg:wuyanqing
,Type:5
2021/08/07 19:16:10 INFO:用户wuyanqing向服务端发送了一条消息，Msg:Ping,Type:2
2021/08/07 19:16:10 INFO:用户wuyanqing收到一条消息，Msg:Pong,Type:2
2021/08/07 19:16:13 INFO:用户wuyanqing向服务端发送了一条消息，Msg:是我，你爹！快打钱！,Type:5
2021/08/07 19:16:13 INFO:用户wuyanqing向服务端发送了一条消息，Msg:Ping,Type:2
2021/08/07 19:16:13 INFO:用户wuyanqing收到一条消息，Msg:wuyanqing
,Type:5
2021/08/07 19:16:13 INFO:用户wuyanqing收到一条消息，Msg:Pong,Type:2
2021/08/07 19:16:16 INFO:用户wuyanqing向服务端发送了一条消息，Msg:Ping,Type:2
2021/08/07 19:16:16 INFO:用户wuyanqing收到一条消息，Msg:Pong,Type:2
2021/08/07 19:16:17 INFO:用户wuyanqing向服务端发送了一条消息，Msg:是我，你爹！快打钱！,Type:5
2021/08/07 19:16:17 INFO:用户wuyanqing收到一条消息，Msg:wuyanqing
,Type:5
2021/08/07 19:16:19 INFO:用户wuyanqing向服务端发送了一条消息，Msg:Ping,Type:2
2021/08/07 19:16:19 INFO:用户wuyanqing收到一条消息，Msg:Pong,Type:2
2021/08/07 19:16:21 INFO:用户wuyanqing向服务端发送了一条消息，Msg:是我，你爹！快打钱！,Type:5
2021/08/07 19:16:21 INFO:用户wuyanqing收到一条消息，Msg:wuyanqing
,Type:5
2021/08/07 19:16:22 INFO:用户wuyanqing向服务端发送了一条消息，Msg:Ping,Type:2
2021/08/07 19:16:22 INFO:用户wuyanqing收到一条消息，Msg:Pong,Type:2
2021/08/07 19:16:25 INFO:用户wuyanqing向服务端发送了一条消息，Msg:是我，你爹！快打钱！,Type:5
2021/08/07 19:16:25 INFO:用户wuyanqing向服务端发送了一条消息，Msg:Ping,Type:2
2021/08/07 19:16:25 INFO:用户wuyanqing收到一条消息，Msg:wuyanqing
,Type:5
2021/08/07 19:16:25 INFO:用户wuyanqing收到一条消息，Msg:Pong,Type:2
2021/08/07 19:16:28 INFO:用户wuyanqing向服务端发送了一条消息，Msg:Ping,Type:2
2021/08/07 19:16:28 INFO:用户wuyanqing收到一条消息，Msg:Pong,Type:2
2021/08/07 19:16:29 INFO:用户wuyanqing向服务端发送了一条消息，Msg:是我，你爹！快打钱！,Type:5
2021/08/07 19:16:29 INFO:用户wuyanqing收到一条消息，Msg:wuyanqing
,Type:5
2021/08/07 19:16:31 INFO:用户wuyanqing向服务端发送了一条消息，Msg:Ping,Type:2
2021/08/07 19:16:31 INFO:用户wuyanqing收到一条消息，Msg:Pong,Type:2
2021/08/07 19:16:33 INFO:用户wuyanqing向服务端发送了一条消息，Msg:是我，你爹！快打钱！,Type:5
2021/08/07 19:16:33 INFO:用户wuyanqing收到一条消息，Msg:wuyanqing
,Type:5
2021/08/07 19:16:34 INFO:用户wuyanqing向服务端发送了一条消息，Msg:Ping,Type:2
2021/08/07 19:16:34 INFO:用户wuyanqing收到一条消息，Msg:Pong,Type:2
2021/08/07 19:16:37 INFO:用户wuyanqing向服务端发送了一条消息，Msg:是我，你爹！快打钱！,Type:5
2021/08/07 19:16:37 INFO:用户wuyanqing向服务端发送了一条消息，Msg:Ping,Type:2
2021/08/07 19:16:37 INFO:用户wuyanqing收到一条消息，Msg:wuyanqing
,Type:5
2021/08/07 19:16:37 INFO:用户wuyanqing收到一条消息，Msg:Pong,Type:2
2021/08/07 19:16:40 INFO:用户wuyanqing向服务端发送了一条消息，Msg:Ping,Type:2
2021/08/07 19:16:40 INFO:用户wuyanqing收到一条消息，Msg:Pong,Type:2
2021/08/07 19:16:41 INFO:用户wuyanqing向服务端发送了一条消息，Msg:是我，你爹！快打钱！,Type:5
2021/08/07 19:16:41 INFO:用户wuyanqing收到一条消息，Msg:wuyanqing
,Type:5
2021/08/07 19:16:43 INFO:用户wuyanqing向服务端发送了一条消息，Msg:Ping,Type:2
2021/08/07 19:16:43 INFO:用户wuyanqing收到一条消息，Msg:Pong,Type:2
2021/08/07 19:16:45 INFO:用户wuyanqing向服务端发送了一条消息，Msg:是我，你爹！快打钱！,Type:5
2021/08/07 19:16:45 INFO:用户wuyanqing收到一条消息，Msg:wuyanqing
,Type:5
2021/08/07 19:16:46 INFO:用户wuyanqing向服务端发送了一条消息，Msg:Ping,Type:2
2021/08/07 19:16:46 INFO:用户wuyanqing收到一条消息，Msg:Pong,Type:2
2021/08/07 19:16:49 INFO:用户wuyanqing向服务端发送了一条消息，Msg:Ping,Type:2
2021/08/07 19:16:49 INFO:用户wuyanqing向服务端发送了一条消息，Msg:是我，你爹！快打钱！,Type:5
2021/08/07 19:16:49 INFO:用户wuyanqing收到一条消息，Msg:Pong,Type:2
2021/08/07 19:16:49 INFO:用户wuyanqing收到一条消息，Msg:wuyanqing
,Type:5
2021/08/07 19:16:52 INFO:用户wuyanqing向服务端发送了一条消息，Msg:Ping,Type:2
2021/08/07 19:16:52 INFO:用户wuyanqing收到一条消息，Msg:Pong,Type:2
2021/08/07 19:16:53 INFO:用户wuyanqing向服务端发送了一条消息，Msg:是我，你爹！快打钱！,Type:5
2021/08/07 19:16:53 INFO:用户wuyanqing收到一条消息，Msg:wuyanqing
,Type:5
2021/08/07 19:16:55 INFO:用户wuyanqing向服务端发送了一条消息，Msg:Ping,Type:2
2021/08/07 19:16:55 INFO:用户wuyanqing收到一条消息，Msg:Pong,Type:2
2021/08/07 19:16:57 INFO:用户wuyanqing向服务端发送了一条消息，Msg:是我，你爹！快打钱！,Type:5
2021/08/07 19:16:57 INFO:用户wuyanqing收到一条消息，Msg:wuyanqing
,Type:5
2021/08/07 19:16:58 INFO:用户wuyanqing向服务端发送了一条消息，Msg:Ping,Type:2
2021/08/07 19:16:58 INFO:用户wuyanqing收到一条消息，Msg:Pong,Type:2
2021/08/07 19:17:01 INFO:用户wuyanqing向服务端发送了一条消息，Msg:是我，你爹！快打钱！,Type:5
2021/08/07 19:17:01 INFO:用户wuyanqing向服务端发送了一条消息，Msg:Ping,Type:2
2021/08/07 19:17:01 INFO:用户wuyanqing收到一条消息，Msg:wuyanqing
,Type:5
2021/08/07 19:17:01 INFO:用户wuyanqing收到一条消息，Msg:Pong,Type:2
2021/08/07 19:17:04 INFO:用户wuyanqing向服务端发送了一条消息，Msg:Ping,Type:2
2021/08/07 19:17:04 INFO:用户wuyanqing收到一条消息，Msg:Pong,Type:2
2021/08/07 19:17:05 INFO:用户wuyanqing向服务端发送了一条消息，Msg:是我，你爹！快打钱！,Type:5
2021/08/07 19:17:05 INFO:用户wuyanqing收到一条消息，Msg:wuyanqing
,Type:5
2021/08/07 19:17:07 INFO:用户wuyanqing向服务端发送了一条消息，Msg:Ping,Type:2
2021/08/07 19:17:07 INFO:用户wuyanqing收到一条消息，Msg:Pong,Type:2
2021/08/07 19:17:09 INFO:用户wuyanqing向服务端发送了一条消息，Msg:是我，你爹！快打钱！,Type:5
2021/08/07 19:17:09 INFO:用户wuyanqing收到一条消息，Msg:wuyanqing
,Type:5
2021/08/07 19:17:10 INFO:用户wuyanqing向服务端发送了一条消息，Msg:Ping,Type:2
2021/08/07 19:17:10 INFO:用户wuyanqing收到一条消息，Msg:Pong,Type:2
2021/08/07 19:17:13 INFO:用户wuyanqing向服务端发送了一条消息，Msg:是我，你爹！快打钱！,Type:5
2021/08/07 19:17:13 INFO:用户wuyanqing向服务端发送了一条消息，Msg:Ping,Type:2
2021/08/07 19:17:13 INFO:用户wuyanqing收到一条消息，Msg:wuyanqing
,Type:5
2021/08/07 19:17:13 INFO:用户wuyanqing收到一条消息，Msg:Pong,Type:2
2021/08/07 19:17:16 INFO:用户wuyanqing向服务端发送了一条消息，Msg:Ping,Type:2
2021/08/07 19:17:16 INFO:用户wuyanqing收到一条消息，Msg:Pong,Type:2
2021/08/07 19:17:17 INFO:用户wuyanqing向服务端发送了一条消息，Msg:是我，你爹！快打钱！,Type:5
2021/08/07 19:17:17 INFO:用户wuyanqing收到一条消息，Msg:wuyanqing
,Type:5
2021/08/07 19:17:19 INFO:用户wuyanqing向服务端发送了一条消息，Msg:Ping,Type:2
2021/08/07 19:17:19 INFO:用户wuyanqing收到一条消息，Msg:Pong,Type:2
2021/08/07 19:17:21 INFO:用户wuyanqing向服务端发送了一条消息，Msg:是我，你爹！快打钱！,Type:5
2021/08/07 19:17:21 INFO:用户wuyanqing收到一条消息，Msg:wuyanqing
,Type:5
2021/08/07 19:17:22 INFO:用户wuyanqing向服务端发送了一条消息，Msg:Ping,Type:2
2021/08/07 19:17:22 INFO:用户wuyanqing收到一条消息，Msg:Pong,Type:2
2021/08/07 19:17:25 INFO:用户wuyanqing向服务端发送了一条消息，Msg:是我，你爹！快打钱！,Type:5
2021/08/07 19:17:25 INFO:用户wuyanqing向服务端发送了一条消息，Msg:Ping,Type:2
2021/08/07 19:17:25 INFO:用户wuyanqing收到一条消息，Msg:wuyanqing
,Type:5
2021/08/07 19:17:25 INFO:用户wuyanqing收到一条消息，Msg:Pong,Type:2
2021/08/07 19:17:28 INFO:用户wuyanqing向服务端发送了一条消息，Msg:Ping,Type:2
2021/08/07 19:17:28 INFO:用户wuyanqing收到一条消息，Msg:Pong,Type:2
2021/08/07 19:17:29 INFO:用户wuyanqing向服务端发送了一条消息，Msg:是我，你爹！快打钱！,Type:5
2021/08/07 19:17:29 INFO:用户wuyanqing收到一条消息，Msg:wuyanqing
,Type:5
2021/08/07 19:17:31 INFO:用户wuyanqing向服务端发送了一条消息，Msg:Ping,Type:2
2021/08/07 19:17:31 INFO:用户wuyanqing收到一条消息，Msg:Pong,Type:2
2021/08/07 19:17:33 INFO:用户wuyanqing向服务端发送了一条消息，Msg:是我，你爹！快打钱！,Type:5
2021/08/07 19:17:33 INFO:用户wuyanqing收到一条消息，Msg:wuyanqing
,Type:5
2021/08/07 19:17:34 INFO:用户wuyanqing向服务端发送了一条消息，Msg:Ping,Type:2
2021/08/07 19:17:34 INFO:用户wuyanqing收到一条消息，Msg:Pong,Type:2
2021/08/07 19:17:37 INFO:用户wuyanqing向服务端发送了一条消息，Msg:Ping,Type:2
2021/08/07 19:17:37 INFO:用户wuyanqing向服务端发送了一条消息，Msg:是我，你爹！快打钱！,Type:5
2021/08/07 19:17:37 INFO:用户wuyanqing收到一条消息，Msg:Pong,Type:2
2021/08/07 19:17:37 INFO:用户wuyanqing收到一条消息，Msg:wuyanqing
,Type:5
2021/08/07 19:17:40 INFO:用户wuyanqing向服务端发送了一条消息，Msg:Ping,Type:2
2021/08/07 19:17:40 INFO:用户wuyanqing收到一条消息，Msg:Pong,Type:2
2021/08/07 19:17:41 INFO:用户wuyanqing向服务端发送了一条消息，Msg:是我，你爹！快打钱！,Type:5
2021/08/07 19:17:41 INFO:用户wuyanqing收到一条消息，Msg:wuyanqing
,Type:5
2021/08/07 19:17:43 INFO:用户wuyanqing向服务端发送了一条消息，Msg:Ping,Type:2
2021/08/07 19:17:43 INFO:用户wuyanqing收到一条消息，Msg:Pong,Type:2
2021/08/07 19:17:45 INFO:用户wuyanqing向服务端发送了一条消息，Msg:是我，你爹！快打钱！,Type:5
2021/08/07 19:17:45 INFO:用户wuyanqing收到一条消息，Msg:wuyanqing
,Type:5
2021/08/07 19:17:46 INFO:用户wuyanqing向服务端发送了一条消息，Msg:Ping,Type:2
2021/08/07 19:17:46 INFO:用户wuyanqing收到一条消息，Msg:Pong,Type:2
2021/08/07 19:17:49 INFO:用户wuyanqing向服务端发送了一条消息，Msg:是我，你爹！快打钱！,Type:5
2021/08/07 19:17:49 INFO:用户wuyanqing向服务端发送了一条消息，Msg:Ping,Type:2
2021/08/07 19:17:49 INFO:用户wuyanqing收到一条消息，Msg:wuyanqing
,Type:5
2021/08/07 19:17:49 INFO:用户wuyanqing收到一条消息，Msg:Pong,Type:2
2021/08/07 19:17:52 INFO:用户wuyanqing向服务端发送了一条消息，Msg:Ping,Type:2
2021/08/07 19:17:52 INFO:用户wuyanqing收到一条消息，Msg:Pong,Type:2
2021/08/07 19:17:53 INFO:用户wuyanqing向服务端发送了一条消息，Msg:是我，你爹！快打钱！,Type:5
2021/08/07 19:17:53 INFO:用户wuyanqing收到一条消息，Msg:wuyanqing
,Type:5
2021/08/07 19:17:55 INFO:用户wuyanqing向服务端发送了一条消息，Msg:Ping,Type:2
2021/08/07 19:17:55 INFO:用户wuyanqing收到一条消息，Msg:Pong,Type:2
2021/08/07 19:17:57 INFO:用户wuyanqing向服务端发送了一条消息，Msg:是我，你爹！快打钱！,Type:5
2021/08/07 19:17:57 INFO:用户wuyanqing收到一条消息，Msg:wuyanqing
,Type:5
2021/08/07 19:17:58 INFO:用户wuyanqing向服务端发送了一条消息，Msg:Ping,Type:2
2021/08/07 19:17:58 INFO:用户wuyanqing收到一条消息，Msg:Pong,Type:2
2021/08/07 19:18:01 INFO:用户wuyanqing向服务端发送了一条消息，Msg:是我，你爹！快打钱！,Type:5
2021/08/07 19:18:01 INFO:用户wuyanqing向服务端发送了一条消息，Msg:Ping,Type:2
2021/08/07 19:18:01 INFO:用户wuyanqing收到一条消息，Msg:wuyanqing
,Type:5
2021/08/07 19:18:01 INFO:用户wuyanqing收到一条消息，Msg:Pong,Type:2
2021/08/07 19:18:04 INFO:用户wuyanqing向服务端发送了一条消息，Msg:Ping,Type:2
2021/08/07 19:18:04 INFO:用户wuyanqing收到一条消息，Msg:Pong,Type:2
2021/08/07 19:18:05 INFO:用户wuyanqing向服务端发送了一条消息，Msg:是我，你爹！快打钱！,Type:5
2021/08/07 19:18:05 INFO:用户wuyanqing收到一条消息，Msg:wuyanqing
,Type:5
2021/08/07 19:18:07 INFO:用户wuyanqing向服务端发送了一条消息，Msg:Ping,Type:2
2021/08/07 19:18:07 INFO:用户wuyanqing收到一条消息，Msg:Pong,Type:2
2021/08/07 19:18:09 INFO:用户wuyanqing向服务端发送了一条消息，Msg:是我，你爹！快打钱！,Type:5
2021/08/07 19:18:09 INFO:用户wuyanqing收到一条消息，Msg:wuyanqing
,Type:5
2021/08/07 19:18:10 INFO:用户wuyanqing向服务端发送了一条消息，Msg:Ping,Type:2
2021/08/07 19:18:10 INFO:用户wuyanqing收到一条消息，Msg:Pong,Type:2
2021/08/07 19:18:13 INFO:用户wuyanqing向服务端发送了一条消息，Msg:是我，你爹！快打钱！,Type:5
2021/08/07 19:18:13 INFO:用户wuyanqing向服务端发送了一条消息，Msg:Ping,Type:2
2021/08/07 19:18:13 INFO:用户wuyanqing收到一条消息，Msg:wuyanqing
,Type:5
2021/08/07 19:18:13 INFO:用户wuyanqing收到一条消息，Msg:Pong,Type:2
2021/08/07 19:18:16 INFO:用户wuyanqing向服务端发送了一条消息，Msg:Ping,Type:2
2021/08/07 19:18:16 INFO:用户wuyanqing收到一条消息，Msg:Pong,Type:2
2021/08/07 19:18:17 INFO:用户wuyanqing向服务端发送了一条消息，Msg:是我，你爹！快打钱！,Type:5
2021/08/07 19:18:17 INFO:用户wuyanqing收到一条消息，Msg:wuyanqing
,Type:5
2021/08/07 19:18:19 INFO:用户wuyanqing向服务端发送了一条消息，Msg:Ping,Type:2
2021/08/07 19:18:19 INFO:用户wuyanqing收到一条消息，Msg:Pong,Type:2
2021/08/07 19:18:21 INFO:用户wuyanqing向服务端发送了一条消息，Msg:是我，你爹！快打钱！,Type:5
2021/08/07 19:18:21 INFO:用户wuyanqing收到一条消息，Msg:wuyanqing
,Type:5
2021/08/07 19:18:22 INFO:用户wuyanqing向服务端发送了一条消息，Msg:Ping,Type:2
2021/08/07 19:18:22 INFO:用户wuyanqing收到一条消息，Msg:Pong,Type:2
2021/08/07 19:18:25 INFO:用户wuyanqing向服务端发送了一条消息，Msg:是我，你爹！快打钱！,Type:5
2021/08/07 19:18:25 INFO:用户wuyanqing向服务端发送了一条消息，Msg:Ping,Type:2
2021/08/07 19:18:25 INFO:用户wuyanqing收到一条消息，Msg:wuyanqing
,Type:5
2021/08/07 19:18:25 INFO:用户wuyanqing收到一条消息，Msg:Pong,Type:2
2021/08/07 19:18:28 INFO:用户wuyanqing向服务端发送了一条消息，Msg:Ping,Type:2
2021/08/07 19:18:28 INFO:用户wuyanqing收到一条消息，Msg:Pong,Type:2
2021/08/07 19:18:29 INFO:用户wuyanqing向服务端发送了一条消息，Msg:是我，你爹！快打钱！,Type:5
2021/08/07 19:18:29 INFO:用户wuyanqing收到一条消息，Msg:wuyanqing
,Type:5
2021/08/07 19:18:31 INFO:用户wuyanqing向服务端发送了一条消息，Msg:Ping,Type:2
2021/08/07 19:18:31 INFO:用户wuyanqing收到一条消息，Msg:Pong,Type:2
2021/08/07 19:18:33 INFO:用户wuyanqing向服务端发送了一条消息，Msg:是我，你爹！快打钱！,Type:5
2021/08/07 19:18:33 INFO:用户wuyanqing收到一条消息，Msg:wuyanqing
,Type:5
2021/08/07 19:18:34 INFO:用户wuyanqing向服务端发送了一条消息，Msg:Ping,Type:2
2021/08/07 19:18:34 INFO:用户wuyanqing收到一条消息，Msg:Pong,Type:2
2021/08/07 19:18:37 INFO:用户wuyanqing向服务端发送了一条消息，Msg:Ping,Type:2
2021/08/07 19:18:37 INFO:用户wuyanqing向服务端发送了一条消息，Msg:是我，你爹！快打钱！,Type:5
2021/08/07 19:18:37 INFO:用户wuyanqing收到一条消息，Msg:Pong,Type:2
2021/08/07 19:18:37 INFO:用户wuyanqing收到一条消息，Msg:wuyanqing
,Type:5
2021/08/07 19:18:40 INFO:用户wuyanqing向服务端发送了一条消息，Msg:Ping,Type:2
2021/08/07 19:18:40 INFO:用户wuyanqing收到一条消息，Msg:Pong,Type:2
2021/08/07 19:18:41 INFO:用户wuyanqing向服务端发送了一条消息，Msg:是我，你爹！快打钱！,Type:5
2021/08/07 19:18:41 INFO:用户wuyanqing收到一条消息，Msg:wuyanqing
,Type:5
2021/08/07 19:18:43 INFO:用户wuyanqing向服务端发送了一条消息，Msg:Ping,Type:2
2021/08/07 19:18:43 INFO:用户wuyanqing收到一条消息，Msg:Pong,Type:2
2021/08/07 19:18:45 INFO:用户wuyanqing向服务端发送了一条消息，Msg:是我，你爹！快打钱！,Type:5
2021/08/07 19:18:45 INFO:用户wuyanqing收到一条消息，Msg:wuyanqing
,Type:5
2021/08/07 19:18:46 INFO:用户wuyanqing向服务端发送了一条消息，Msg:Ping,Type:2
2021/08/07 19:18:46 INFO:用户wuyanqing收到一条消息，Msg:Pong,Type:2
2021/08/07 19:18:49 INFO:用户wuyanqing向服务端发送了一条消息，Msg:Ping,Type:2
2021/08/07 19:18:49 INFO:用户wuyanqing向服务端发送了一条消息，Msg:是我，你爹！快打钱！,Type:5
2021/08/07 19:18:49 INFO:用户wuyanqing收到一条消息，Msg:Pong,Type:2
2021/08/07 19:18:49 INFO:用户wuyanqing收到一条消息，Msg:wuyanqing
,Type:5
2021/08/07 19:18:52 INFO:用户wuyanqing向服务端发送了一条消息，Msg:Ping,Type:2
2021/08/07 19:18:52 INFO:用户wuyanqing收到一条消息，Msg:Pong,Type:2
2021/08/07 19:18:53 INFO:用户wuyanqing向服务端发送了一条消息，Msg:是我，你爹！快打钱！,Type:5
2021/08/07 19:18:53 INFO:用户wuyanqing收到一条消息，Msg:wuyanqing
,Type:5
2021/08/07 19:18:55 INFO:用户wuyanqing向服务端发送了一条消息，Msg:Ping,Type:2
2021/08/07 19:18:55 INFO:用户wuyanqing收到一条消息，Msg:Pong,Type:2
2021/08/07 19:18:57 INFO:用户wuyanqing向服务端发送了一条消息，Msg:是我，你爹！快打钱！,Type:5
2021/08/07 19:18:57 INFO:用户wuyanqing收到一条消息，Msg:wuyanqing
,Type:5
2021/08/07 19:18:58 INFO:用户wuyanqing向服务端发送了一条消息，Msg:Ping,Type:2
2021/08/07 19:18:58 INFO:用户wuyanqing收到一条消息，Msg:Pong,Type:2
2021/08/07 19:19:01 INFO:用户wuyanqing向服务端发送了一条消息，Msg:Ping,Type:2
2021/08/07 19:19:01 INFO:用户wuyanqing向服务端发送了一条消息，Msg:是我，你爹！快打钱！,Type:5
2021/08/07 19:19:01 INFO:用户wuyanqing收到一条消息，Msg:Pong,Type:2
2021/08/07 19:19:01 INFO:用户wuyanqing收到一条消息，Msg:wuyanqing
,Type:5
2021/08/07 19:19:04 INFO:用户wuyanqing向服务端发送了一条消息，Msg:Ping,Type:2
2021/08/07 19:19:04 INFO:用户wuyanqing收到一条消息，Msg:Pong,Type:2
2021/08/07 19:19:05 INFO:用户wuyanqing向服务端发送了一条消息，Msg:是我，你爹！快打钱！,Type:5
2021/08/07 19:19:05 INFO:用户wuyanqing收到一条消息，Msg:wuyanqing
,Type:5
2021/08/07 19:19:07 INFO:用户wuyanqing向服务端发送了一条消息，Msg:Ping,Type:2
2021/08/07 19:19:07 INFO:用户wuyanqing收到一条消息，Msg:Pong,Type:2
2021/08/07 19:19:09 INFO:用户wuyanqing向服务端发送了一条消息，Msg:是我，你爹！快打钱！,Type:5
2021/08/07 19:19:09 INFO:用户wuyanqing收到一条消息，Msg:wuyanqing
,Type:5
2021/08/07 19:19:10 INFO:用户wuyanqing向服务端发送了一条消息，Msg:Ping,Type:2
2021/08/07 19:19:10 INFO:用户wuyanqing收到一条消息，Msg:Pong,Type:2
2021/08/07 19:19:13 INFO:用户wuyanqing向服务端发送了一条消息，Msg:是我，你爹！快打钱！,Type:5
2021/08/07 19:19:13 INFO:用户wuyanqing向服务端发送了一条消息，Msg:Ping,Type:2
2021/08/07 19:19:13 INFO:用户wuyanqing收到一条消息，Msg:wuyanqing
,Type:5
2021/08/07 19:19:13 INFO:用户wuyanqing收到一条消息，Msg:Pong,Type:2
2021/08/07 19:19:16 INFO:用户wuyanqing向服务端发送了一条消息，Msg:Ping,Type:2
2021/08/07 19:19:16 INFO:用户wuyanqing收到一条消息，Msg:Pong,Type:2
2021/08/07 19:19:17 INFO:用户wuyanqing向服务端发送了一条消息，Msg:是我，你爹！快打钱！,Type:5
2021/08/07 19:19:17 INFO:用户wuyanqing收到一条消息，Msg:wuyanqing
,Type:5
2021/08/07 19:19:19 INFO:用户wuyanqing向服务端发送了一条消息，Msg:Ping,Type:2
2021/08/07 19:19:19 INFO:用户wuyanqing收到一条消息，Msg:Pong,Type:2
2021/08/07 19:19:21 INFO:用户wuyanqing向服务端发送了一条消息，Msg:是我，你爹！快打钱！,Type:5
2021/08/07 19:19:21 INFO:用户wuyanqing收到一条消息，Msg:wuyanqing
,Type:5
2021/08/07 19:19:22 INFO:用户wuyanqing向服务端发送了一条消息，Msg:Ping,Type:2
2021/08/07 19:19:22 INFO:用户wuyanqing收到一条消息，Msg:Pong,Type:2
2021/08/07 19:19:25 INFO:用户wuyanqing向服务端发送了一条消息，Msg:Ping,Type:2
2021/08/07 19:19:25 INFO:用户wuyanqing向服务端发送了一条消息，Msg:是我，你爹！快打钱！,Type:5
2021/08/07 19:19:25 INFO:用户wuyanqing收到一条消息，Msg:Pong,Type:2
2021/08/07 19:19:25 INFO:用户wuyanqing收到一条消息，Msg:wuyanqing
,Type:5
2021/08/07 19:19:28 INFO:用户wuyanqing向服务端发送了一条消息，Msg:Ping,Type:2
2021/08/07 19:19:28 INFO:用户wuyanqing收到一条消息，Msg:Pong,Type:2
2021/08/07 19:19:29 INFO:用户wuyanqing向服务端发送了一条消息，Msg:是我，你爹！快打钱！,Type:5
2021/08/07 19:19:29 INFO:用户wuyanqing收到一条消息，Msg:wuyanqing
,Type:5
2021/08/07 19:19:31 INFO:用户wuyanqing向服务端发送了一条消息，Msg:Ping,Type:2
2021/08/07 19:19:31 INFO:用户wuyanqing收到一条消息，Msg:Pong,Type:2
2021/08/07 19:19:33 INFO:用户wuyanqing向服务端发送了一条消息，Msg:是我，你爹！快打钱！,Type:5
2021/08/07 19:19:33 INFO:用户wuyanqing收到一条消息，Msg:wuyanqing
,Type:5
2021/08/07 19:19:34 INFO:用户wuyanqing向服务端发送了一条消息，Msg:Ping,Type:2
2021/08/07 19:19:34 INFO:用户wuyanqing收到一条消息，Msg:Pong,Type:2
2021/08/07 19:19:37 INFO:用户wuyanqing向服务端发送了一条消息，Msg:Ping,Type:2
2021/08/07 19:19:37 INFO:用户wuyanqing向服务端发送了一条消息，Msg:是我，你爹！快打钱！,Type:5
2021/08/07 19:19:37 INFO:用户wuyanqing收到一条消息，Msg:Pong,Type:2
2021/08/07 19:19:37 INFO:用户wuyanqing收到一条消息，Msg:wuyanqing
,Type:5
2021/08/07 19:19:40 INFO:用户wuyanqing向服务端发送了一条消息，Msg:Ping,Type:2
2021/08/07 19:19:40 INFO:用户wuyanqing收到一条消息，Msg:Pong,Type:2
2021/08/07 19:19:41 INFO:用户wuyanqing向服务端发送了一条消息，Msg:是我，你爹！快打钱！,Type:5
2021/08/07 19:19:41 INFO:用户wuyanqing收到一条消息，Msg:wuyanqing
,Type:5
2021/08/07 19:19:43 INFO:用户wuyanqing向服务端发送了一条消息，Msg:Ping,Type:2
2021/08/07 19:19:43 INFO:用户wuyanqing收到一条消息，Msg:Pong,Type:2
2021/08/07 19:19:45 INFO:用户wuyanqing向服务端发送了一条消息，Msg:是我，你爹！快打钱！,Type:5
2021/08/07 19:19:45 INFO:用户wuyanqing收到一条消息，Msg:wuyanqing
,Type:5
2021/08/07 19:19:46 INFO:用户wuyanqing向服务端发送了一条消息，Msg:Ping,Type:2
2021/08/07 19:19:46 INFO:用户wuyanqing收到一条消息，Msg:Pong,Type:2
2021/08/07 19:31:11 INFO:用户wuyanqing向服务端发送了一条消息，Msg:Ping,Type:2
2021/08/07 19:31:11 INFO:用户wuyanqing向服务端发送了一条消息，Msg:是我，你爹！快打钱！,Type:5
2021/08/07 19:31:11 INFO:用户wuyanqing收到一条消息，Msg:Pong,Type:2
2021/08/07 19:31:11 INFO:用户wuyanqing收到一条消息，Msg:wuyanqing
,Type:5
2021/08/07 19:31:15 INFO:用户wuyanqing向服务端发送了一条消息，Msg:Ping,Type:2
2021/08/07 19:31:15 INFO:用户wuyanqing收到一条消息，Msg:Pong,Type:2
2021/08/07 19:31:16 INFO:用户wuyanqing向服务端发送了一条消息，Msg:是我，你爹！快打钱！,Type:5
2021/08/07 19:31:16 INFO:用户wuyanqing收到一条消息，Msg:wuyanqing
,Type:5
2021/08/07 19:31:18 INFO:用户wuyanqing向服务端发送了一条消息，Msg:Ping,Type:2
2021/08/07 19:31:18 INFO:用户wuyanqing收到一条消息，Msg:Pong,Type:2
2021/08/07 19:31:20 INFO:用户wuyanqing向服务端发送了一条消息，Msg:是我，你爹！快打钱！,Type:5
2021/08/07 19:31:20 INFO:用户wuyanqing收到一条消息，Msg:wuyanqing
,Type:5
2021/08/07 19:31:21 INFO:用户wuyanqing向服务端发送了一条消息，Msg:Ping,Type:2
2021/08/07 19:31:21 INFO:用户wuyanqing收到一条消息，Msg:Pong,Type:2
2021/08/07 19:31:24 INFO:用户wuyanqing向服务端发送了一条消息，Msg:Ping,Type:2
2021/08/07 19:31:24 INFO:用户wuyanqing向服务端发送了一条消息，Msg:是我，你爹！快打钱！,Type:5
2021/08/07 19:31:24 INFO:用户wuyanqing收到一条消息，Msg:Pong,Type:2
2021/08/07 19:31:24 INFO:用户wuyanqing收到一条消息，Msg:wuyanqing
,Type:5
2021/08/07 19:31:27 INFO:用户wuyanqing向服务端发送了一条消息，Msg:Ping,Type:2
2021/08/07 19:31:27 INFO:用户wuyanqing收到一条消息，Msg:Pong,Type:2
2021/08/07 19:31:28 INFO:用户wuyanqing向服务端发送了一条消息，Msg:是我，你爹！快打钱！,Type:5
2021/08/07 19:31:28 INFO:用户wuyanqing收到一条消息，Msg:wuyanqing
,Type:5
2021/08/07 19:31:30 INFO:用户wuyanqing向服务端发送了一条消息，Msg:Ping,Type:2
2021/08/07 19:31:30 INFO:用户wuyanqing收到一条消息，Msg:Pong,Type:2
2021/08/07 19:31:32 INFO:用户wuyanqing向服务端发送了一条消息，Msg:是我，你爹！快打钱！,Type:5
2021/08/07 19:31:32 INFO:用户wuyanqing收到一条消息，Msg:wuyanqing
,Type:5
2021/08/07 19:31:33 INFO:用户wuyanqing向服务端发送了一条消息，Msg:Ping,Type:2
2021/08/07 19:31:33 INFO:用户wuyanqing收到一条消息，Msg:Pong,Type:2
